[   0.000000] Initializing cgroup subsys cpuset
[    0.000000] Initializing cgroup subsys cpu
[    0.000000] Initializing cgroup subsys cpuacct
[    0.000000] Linux version 4.4.0-66-generic (buildd@lgw01-14) (gcc version 5.4.0 20160609 (Ubuntu 5.4.0-6ubuntu1~16.04.4) ) #87-Ubuntu SMP Fri Mar 3 15:27:09 UTC 2017 (Ubuntu 4.4.0-66.87-generic 4.4.44)
[    0.000000] KERNEL supported cpus:
[    0.000000]   Intel GenuineIntel
[    0.000000]   AMD AuthenticAMD
[    0.000000]   NSC Geode by NSC
[    0.000000]   Cyrix CyrixInstead
[    0.000000]   Centaur CentaurHauls
[    0.000000]   Transmeta GenuineTMx86
[    0.000000]   Transmeta TransmetaCPU
[    0.000000]   UMC UMC UMC UMC
[    0.000000] x86/fpu: xstate_offset[2]:  576, xstate_sizes[2]:  256
[    0.000000] x86/fpu: Supporting XSAVE feature 0x01: 'x87 floating point registers'
[    0.000000] x86/fpu: Supporting XSAVE feature 0x02: 'SSE registers'
[    0.000000] x86/fpu: Supporting XSAVE feature 0x04: 'AVX registers'
[    0.000000] x86/fpu: Enabled xstate features 0x7, context size is 832 bytes, using 'standard' format.
[    0.000000] x86/fpu: Using 'lazy' FPU context switches.
[    0.000000] e820: BIOS-provided physical RAM map:
[    0.000000] BIOS-e820: [mem 0x0000000000000000-0x000000000009fbff] usable
[    0.000000] BIOS-e820: [mem 0x000000000009fc00-0x000000000009ffff] reserved
[    0.000000] BIOS-e820: [mem 0x00000000000f0000-0x00000000000fffff] reserved
[    0.000000] BIOS-e820: [mem 0x0000000000100000-0x000000003ffeffff] usable
[    0.000000] BIOS-e820: [mem 0x000000003fff0000-0x000000003fffffff] ACPI data
[    0.000000] BIOS-e820: [mem 0x00000000fec00000-0x00000000fec00fff] reserved
[    0.000000] BIOS-e820: [mem 0x00000000fee00000-0x00000000fee00fff] reserved
[    0.000000] BIOS-e820: [mem 0x00000000fffc0000-0x00000000ffffffff] reserved
[    0.000000] NX (Execute Disable) protection: active
[    0.000000] SMBIOS 2.5 present.
[    0.000000] Hypervisor detected: KVM
[    0.000000] e820: last_pfn = 0x3fff0 max_arch_pfn = 0x1000000
[    0.000000] MTRR: Disabled
[    0.000000] x86/PAT: MTRRs disabled, skipping PAT initialization too.
[    0.000000] x86/PAT: Configuration [0-7]: WB  WT  UC- UC  WB  WT  UC- UC  
[    0.000000] CPU MTRRs all blank - virtualized system.
[    0.000000] found SMP MP-table at [mem 0x0009fff0-0x0009ffff] mapped at [c009fff0]
[    0.000000] Scanning 1 areas for low memory corruption
[    0.000000] RAMDISK: [mem 0x36360000-0x371a7fff]
[    0.000000] ACPI: Early table checksum verification disabled
[    0.000000] ACPI: RSDP 0x00000000000E0000 000024 (v02 VBOX  )
[    0.000000] ACPI: XSDT 0x000000003FFF0030 00003C (v01 VBOX   VBOXXSDT 00000001 ASL  00000061)
[    0.000000] ACPI: FACP 0x000000003FFF00F0 0000F4 (v04 VBOX   VBOXFACP 00000001 ASL  00000061)
[    0.000000] ACPI: DSDT 0x000000003FFF0470 00210F (v01 VBOX   VBOXBIOS 00000002 INTL 20100528)
[    0.000000] ACPI: FACS 0x000000003FFF0200 000040
[    0.000000] ACPI: FACS 0x000000003FFF0200 000040
[    0.000000] ACPI: APIC 0x000000003FFF0240 00005C (v02 VBOX   VBOXAPIC 00000001 ASL  00000061)
[    0.000000] ACPI: SSDT 0x000000003FFF02A0 0001CC (v01 VBOX   VBOXCPUT 00000002 INTL 20100528)
[    0.000000] 131MB HIGHMEM available.
[    0.000000] 891MB LOWMEM available.
[    0.000000]   mapped low ram: 0 - 37bfe000
[    0.000000]   low ram: 0 - 37bfe000
[    0.000000] kvm-clock: Using msrs 4b564d01 and 4b564d00
[    0.000000] kvm-clock: cpu 0, msr 0:37bfd001, primary cpu clock
[    0.000000] kvm-clock: using sched offset of 3309370850 cycles
[    0.000000] clocksource: kvm-clock: mask: 0xffffffffffffffff max_cycles: 0x1cd42e4dffb, max_idle_ns: 881590591483 ns
[    0.000000] Zone ranges:
[    0.000000]   DMA      [mem 0x0000000000001000-0x0000000000ffffff]
[    0.000000]   Normal   [mem 0x0000000001000000-0x0000000037bfdfff]
[    0.000000]   HighMem  [mem 0x0000000037bfe000-0x000000003ffeffff]
[    0.000000] Movable zone start for each node
[    0.000000] Early memory node ranges
[    0.000000]   node   0: [mem 0x0000000000001000-0x000000000009efff]
[    0.000000]   node   0: [mem 0x0000000000100000-0x000000003ffeffff]
[    0.000000] Initmem setup node 0 [mem 0x0000000000001000-0x000000003ffeffff]
[    0.000000] Using APIC driver default
[    0.000000] ACPI: PM-Timer IO Port: 0x4008
[    0.000000] IOAPIC[0]: apic_id 2, version 32, address 0xfec00000, GSI 0-23
[    0.000000] ACPI: INT_SRC_OVR (bus 0 bus_irq 0 global_irq 2 dfl dfl)
[    0.000000] ACPI: INT_SRC_OVR (bus 0 bus_irq 9 global_irq 9 high level)
[    0.000000] Using ACPI (MADT) for SMP configuration information
[    0.000000] smpboot: Allowing 2 CPUs, 0 hotplug CPUs
[    0.000000] PM: Registered nosave memory: [mem 0x00000000-0x00000fff]
[    0.000000] PM: Registered nosave memory: [mem 0x0009f000-0x0009ffff]
[    0.000000] PM: Registered nosave memory: [mem 0x000a0000-0x000effff]
[    0.000000] PM: Registered nosave memory: [mem 0x000f0000-0x000fffff]
[    0.000000] e820: [mem 0x40000000-0xfebfffff] available for PCI devices
[    0.000000] Booting paravirtualized kernel on KVM
[    0.000000] clocksource: refined-jiffies: mask: 0xffffffff max_cycles: 0xffffffff, max_idle_ns: 7645519600211568 ns
[    0.000000] setup_percpu: NR_CPUS:8 nr_cpumask_bits:8 nr_cpu_ids:2 nr_node_ids:1
[    0.000000] PERCPU: Embedded 19 pages/cpu @f71b0000 s47436 r0 d30388 u77824
[    0.000000] PV qspinlock hash table entries: 512 (order: 0, 4096 bytes)
[    0.000000] Built 1 zonelists in Zone order, mobility grouping on.  Total pages: 259800
[    0.000000] Kernel command line: BOOT_IMAGE=/boot/vmlinuz-4.4.0-66-generic root=UUID=51c5cf2e-3afd-4d38-a695-6d0b43c15355 ro console=tty1 console=ttyS0
[    0.000000] PID hash table entries: 4096 (order: 2, 16384 bytes)
[    0.000000] Dentry cache hash table entries: 131072 (order: 7, 524288 bytes)
[    0.000000] Inode-cache hash table entries: 65536 (order: 6, 262144 bytes)
[    0.000000] Initializing CPU#0
[    0.000000] Initializing HighMem for node 0 (00037bfe:0003fff0)
[    0.000000] Initializing Movable for node 0 (00000000:00000000)
[    0.000000] Memory: 1008340K/1048120K available (7932K kernel code, 766K rwdata, 3164K rodata, 944K init, 800K bss, 39780K reserved, 0K cma-reserved, 135112K highmem)
[    0.000000] virtual kernel memory layout:
[    0.000000]     fixmap  : 0xfff15000 - 0xfffff000   ( 936 kB)
[    0.000000]     pkmap   : 0xffc00000 - 0xffe00000   (2048 kB)
[    0.000000]     vmalloc : 0xf83fe000 - 0xffbfe000   ( 120 MB)
[    0.000000]     lowmem  : 0xc0000000 - 0xf7bfe000   ( 891 MB)
[    0.000000]       .init : 0xc1b99000 - 0xc1c85000   ( 944 kB)
[    0.000000]       .data : 0xc17bf6cb - 0xc1b97a80   (3936 kB)
[    0.000000]       .text : 0xc1000000 - 0xc17bf6cb   (7933 kB)
[    0.000000] Checking if this processor honours the WP bit even in supervisor mode...Ok.
[    0.000000] SLUB: HWalign=64, Order=0-3, MinObjects=0, CPUs=2, Nodes=1
[    0.000000] Hierarchical RCU implementation.
[    0.000000] 	Build-time adjustment of leaf fanout to 32.
[    0.000000] 	RCU restricting CPUs from NR_CPUS=8 to nr_cpu_ids=2.
[    0.000000] RCU: Adjusting geometry for rcu_fanout_leaf=32, nr_cpu_ids=2
[    0.000000] NR_IRQS:2304 nr_irqs:440 16
[    0.000000] Console: colour VGA+ 80x25
[    0.000000] console [tty1] enabled
[    0.000000] console [ttyS0] enabled
[    0.000000] allocated 1048576 bytes of page_ext
[    0.000000] tsc: Detected 2899.998 MHz processor
[    2.953500] Calibrating delay loop (skipped) preset value.. 5799.99 BogoMIPS (lpj=11599992)
[    2.954964] pid_max: default: 32768 minimum: 301
[    2.955906] ACPI: Core revision 20150930
[    2.957511] ACPI: 2 ACPI AML tables successfully acquired and loaded
[    2.959211] Security Framework initialized
[    2.997900] Yama: becoming mindful.
[    3.034286] AppArmor: AppArmor initialized
[    3.081484] Mount-cache hash table entries: 2048 (order: 1, 8192 bytes)
[    3.101821] Mountpoint-cache hash table entries: 2048 (order: 1, 8192 bytes)
[    3.161684] Initializing cgroup subsys io
[    3.181229] Initializing cgroup subsys memory
[    3.196501] Initializing cgroup subsys devices
[    3.242760] Initializing cgroup subsys freezer
[    3.268881] Initializing cgroup subsys net_cls
[    3.284493] Initializing cgroup subsys perf_event
[    3.297117] Initializing cgroup subsys net_prio
[    3.302335] Initializing cgroup subsys hugetlb
[    3.315431] Initializing cgroup subsys pids
[    3.345932] CPU: Physical Processor ID: 0
[    3.360705] CPU: Processor Core ID: 0
[    3.363104] mce: CPU supports 0 MCE banks
[    3.394148] Last level iTLB entries: 4KB 64, 2MB 8, 4MB 8
[    3.411762] Last level dTLB entries: 4KB 64, 2MB 0, 4MB 0, 1GB 4
[    3.465717] Freeing SMP alternatives memory: 28K (c1c85000 - c1c8c000)
[    3.544658] ftrace: allocating 31408 entries in 62 pages
[    3.649436] smpboot: APIC(0) Converting physical 0 to logical package 0
[    3.678691] smpboot: Max logical packages: 1
[    3.680626] Enabling APIC mode:  Flat.  Using 1 I/O APICs
[    3.694253] ..TIMER: vector=0x30 apic1=0 pin1=2 apic2=-1 pin2=-1
[    3.869287] smpboot: CPU0: Intel(R) Core(TM) i5-5287U CPU @ 2.90GHz (family: 0x6, model: 0x3d, stepping: 0x4)
[    3.874915] Performance Events: unsupported p6 CPU model 61 no PMU driver, software events only.
[    3.876474] KVM setup paravirtual spinlock
[    3.877837] x86: Booting SMP configuration:
[    3.878560] .... node  #0, CPUs:      #1
[1266874886.400180] Initializing CPU#1
[    3.894166] kvm-clock: cpu 1, msr 0:37bfd041, secondary cpu clock
[    3.905063] mce: CPU supports 0 MCE banks
[    3.916960] x86: Booted up 1 node, 2 CPUs
[    3.957439] smpboot: Total of 2 processors activated (11599.99 BogoMIPS)
[    3.993794] devtmpfs: initialized
[    3.997471] evm: security.selinux
[    4.017233] evm: security.SMACK64
[    4.057096] evm: security.SMACK64EXEC
[    4.095132] evm: security.SMACK64TRANSMUTE
[    4.119836] evm: security.SMACK64MMAP
[    4.120482] evm: security.ima
[    4.121045] evm: security.capability
[    4.122103] clocksource: jiffies: mask: 0xffffffff max_cycles: 0xffffffff, max_idle_ns: 7645041785100000 ns
[    4.198748] pinctrl core: initialized pinctrl subsystem
[    4.245432] RTC time: 19:43:35, date: 03/26/17
[    4.264604] NET: Registered protocol family 16
[    4.285716] EISA bus registered
[    4.325076] cpuidle: using governor ladder
[    4.369368] cpuidle: using governor menu
[    4.402347] PCCT header not found.
[    4.425596] ACPI: bus type PCI registered
[    4.457505] acpiphp: ACPI Hot Plug PCI Controller Driver version: 0.5
[    4.494350] PCI : PCI BIOS area is rw and x. Use pci=nobios if you want it NX.
[    4.544573] PCI: PCI BIOS revision 2.10 entry at 0xfda26, last bus=0
[    4.550433] PCI: Using configuration type 1 for base access
[    4.575936] ACPI: Added _OSI(Module Device)
[    4.591535] ACPI: Added _OSI(Processor Device)
[    4.614047] ACPI: Added _OSI(3.0 _SCP Extensions)
[    4.616467] ACPI: Added _OSI(Processor Aggregator Device)
[    4.618773] ACPI: Executed 1 blocks of module-level executable AML code
[    4.628628] ACPI: Interpreter enabled
[    4.650853] ACPI: (supports S0 S5)
[    4.657557] ACPI: Using IOAPIC for interrupt routing
[    4.715167] PCI: Using host bridge windows from ACPI; if necessary, use "pci=nocrs" and report a bug
[    4.794555] ACPI: PCI Root Bridge [PCI0] (domain 0000 [bus 00-ff])
[    4.845881] acpi PNP0A03:00: _OSC: OS supports [ASPM ClockPM Segments MSI]
[    4.881415] acpi PNP0A03:00: _OSC failed (AE_NOT_FOUND); disabling ASPM
[    4.923037] acpi PNP0A03:00: fail to add MMCONFIG information, can't access extended PCI configuration space under this bridge.
[    5.015933] PCI host bridge to bus 0000:00
[    5.033305] pci_bus 0000:00: root bus resource [io  0x0000-0x0cf7 window]
[    5.065285] pci_bus 0000:00: root bus resource [io  0x0d00-0xffff window]
[    5.066808] pci_bus 0000:00: root bus resource [mem 0x000a0000-0x000bffff window]
[    5.068055] pci_bus 0000:00: root bus resource [mem 0x40000000-0xffdfffff window]
[    5.069319] pci_bus 0000:00: root bus resource [bus 00-ff]
[    5.071675] pci 0000:00:01.1: legacy IDE quirk: reg 0x10: [io  0x01f0-0x01f7]
[    5.087094] pci 0000:00:01.1: legacy IDE quirk: reg 0x14: [io  0x03f6]
[    5.111510] pci 0000:00:01.1: legacy IDE quirk: reg 0x18: [io  0x0170-0x0177]
[    5.151851] pci 0000:00:01.1: legacy IDE quirk: reg 0x1c: [io  0x0376]
[    5.211213] pci 0000:00:07.0: quirk: [io  0x4000-0x403f] claimed by PIIX4 ACPI
[    5.286121] pci 0000:00:07.0: quirk: [io  0x4100-0x410f] claimed by PIIX4 SMB
[    5.337351] ACPI: PCI Interrupt Link [LNKA] (IRQs 5 9 10 *11)
[    5.377875] ACPI: PCI Interrupt Link [LNKB] (IRQs 5 9 10 *11)
[    5.393352] ACPI: PCI Interrupt Link [LNKC] (IRQs 5 9 *10 11)
[    5.455075] ACPI: PCI Interrupt Link [LNKD] (IRQs 5 *9 10 11)
[    5.491369] ACPI: Enabled 2 GPEs in block 00 to 07
[    5.533947] vgaarb: setting as boot device: PCI:0000:00:02.0
[    5.559475] vgaarb: device added: PCI:0000:00:02.0,decodes=io+mem,owns=io+mem,locks=none
[    5.560825] vgaarb: loaded
[    5.561360] vgaarb: bridge control possible 0000:00:02.0
[    5.598173] SCSI subsystem initialized
[    5.624265] ACPI: bus type USB registered
[    5.669448] usbcore: registered new interface driver usbfs
[    5.721180] usbcore: registered new interface driver hub
[    5.765822] usbcore: registered new device driver usb
[    5.778355] PCI: Using ACPI for IRQ routing
[    5.823725] NetLabel: Initializing
[    5.863036] NetLabel:  domain hash size = 128
[    5.897795] NetLabel:  protocols = UNLABELED CIPSOv4
[    5.926773] NetLabel:  unlabeled traffic allowed by default
[    5.927832] amd_nb: Cannot enumerate AMD northbridges
[    5.966267] clocksource: Switched to clocksource kvm-clock
[    6.017905] AppArmor: AppArmor Filesystem Enabled
[    6.091026] pnp: PnP ACPI init
[    6.108345] pnp: PnP ACPI: found 3 devices
[    6.158306] PnPBIOS: Disabled by ACPI PNP
[    6.209132] clocksource: acpi_pm: mask: 0xffffff max_cycles: 0xffffff, max_idle_ns: 2085701024 ns
[    6.284355] NET: Registered protocol family 2
[    6.326567] TCP established hash table entries: 8192 (order: 3, 32768 bytes)
[    6.327632] TCP bind hash table entries: 8192 (order: 4, 65536 bytes)
[    6.328613] TCP: Hash tables configured (established 8192 bind 8192)
[    6.329597] UDP hash table entries: 512 (order: 2, 16384 bytes)
[    6.330508] UDP-Lite hash table entries: 512 (order: 2, 16384 bytes)
[    6.331531] NET: Registered protocol family 1
[    6.332279] pci 0000:00:00.0: Limiting direct PCI/PCI transfers
[    6.333210] pci 0000:00:01.0: Activating ISA DMA hang workarounds
[    6.334262] Trying to unpack rootfs image as initramfs...
[    6.579756] Freeing initrd memory: 14624K (f6360000 - f71a8000)
[    6.603718] RAPL PMU detected, API unit is 2^-32 Joules, 4 fixed counters 10737418240 ms ovfl timer
[    6.605183] hw unit of domain pp0-core 2^-0 Joules
[    6.631755] hw unit of domain package 2^-0 Joules
[    6.653477] hw unit of domain dram 2^-0 Joules
[    6.685973] hw unit of domain pp1-gpu 2^-0 Joules
[    6.711626] platform rtc_cmos: registered platform RTC device (no PNP device found)
[    6.749770] Scanning for low memory corruption every 60 seconds
[    6.788706] futex hash table entries: 512 (order: 3, 32768 bytes)
[    6.818696] audit: initializing netlink subsys (disabled)
[    6.840132] audit: type=2000 audit(1490557417.740:1): initialized
[    6.860019] Initialise system trusted keyring
[    6.879080] HugeTLB registered 2 MB page size, pre-allocated 0 pages
[    6.923951] zbud: loaded
[    6.963665] VFS: Disk quotas dquot_6.6.0
[    7.020063] VFS: Dquot-cache hash table entries: 1024 (order 0, 4096 bytes)
[    7.041474] squashfs: version 4.0 (2009/01/31) Phillip Lougher
[    7.042739] fuse init (API version 7.23)
[    7.087865] Key type big_key registered
[    7.150666] Allocating IMA MOK and blacklist keyrings.
[    7.232350] Key type asymmetric registered
[    7.276283] Asymmetric key parser 'x509' registered
[    7.298952] bounce: pool size: 64 pages
[    7.311312] Block layer SCSI generic (bsg) driver version 0.4 loaded (major 249)
[    7.365576] io scheduler noop registered
[    7.401695] io scheduler deadline registered (default)
[    7.402555] io scheduler cfq registered
[    7.403337] pci_hotplug: PCI Hot Plug PCI Core version: 0.5
[    7.404214] pciehp: PCI Express Hot Plug Controller Driver version: 0.4
[    7.449506] ACPI: AC Adapter [AC] (on-line)
[    7.523334] input: Power Button as /devices/LNXSYSTM:00/LNXPWRBN:00/input/input0
[    7.636391] ACPI: Power Button [PWRF]
[    7.698170] input: Sleep Button as /devices/LNXSYSTM:00/LNXSLPBN:00/input/input1
[    7.710597] tsc: Refined TSC clocksource calibration: 2900.579 MHz
[    7.710601] clocksource: tsc: mask: 0xffffffffffffffff max_cycles: 0x29cf65edad6, max_idle_ns: 440795220640 ns
[    7.801836] ACPI: Sleep Button [SLPF]
[    7.802786] GHES: HEST is not enabled!
[    7.803582] ACPI: Battery Slot [BAT0] (battery present)
[    7.906827] isapnp: Scanning for PnP cards...
[    7.906903] Serial: 8250/16550 driver, 32 ports, IRQ sharing enabled
[    7.958686] 00:02: ttyS0 at I/O 0x3f8 (irq = 4, base_baud = 115200) is a 16550A
[    7.992117] Linux agpgart interface v0.103
[    8.020372] brd: module loaded
[    8.088965] loop: module loaded
[    8.147265] scsi host0: ata_piix
[    8.184056] scsi host1: ata_piix
[    8.216601] ata1: PATA max UDMA/33 cmd 0x1f0 ctl 0x3f6 bmdma 0xd000 irq 14
[    8.280289] ata2: PATA max UDMA/33 cmd 0x170 ctl 0x376 bmdma 0xd008 irq 15
[    8.302912] libphy: Fixed MDIO Bus: probed
[    8.327069] tun: Universal TUN/TAP device driver, 1.6
[    8.328136] tun: (C) 1999-2004 Max Krasnyansky <maxk@qualcomm.com>
[    8.329398] PPP generic driver version 2.4.2
[    8.330393] ehci_hcd: USB 2.0 'Enhanced' Host Controller (EHCI) Driver
[    8.331674] ehci-pci: EHCI PCI platform driver
[    8.332702] ehci-platform: EHCI generic platform driver
[    8.357521] isapnp: No Plug & Play device found
[    8.442855] ohci_hcd: USB 1.1 'Open' Host Controller (OHCI) Driver
[    8.501041] ohci-pci: OHCI PCI platform driver
[    8.564868] ohci-platform: OHCI generic platform driver
[    8.601597] uhci_hcd: USB Universal Host Controller Interface driver
[    8.602630] i8042: PNP: PS/2 Controller [PNP0303:PS2K,PNP0f03:PS2M] at 0x60,0x64 irq 1,12
[    8.604497] serio: i8042 KBD port at 0x60,0x64 irq 1
[    8.654518] serio: i8042 AUX port at 0x60,0x64 irq 12
[    8.671624] mousedev: PS/2 mouse device common for all mice
[    8.739522] rtc_cmos rtc_cmos: rtc core: registered rtc_cmos as rtc0
[    8.757455] rtc_cmos rtc_cmos: alarms up to one day, 114 bytes nvram
[    8.807084] i2c /dev entries driver
[    8.820486] input: AT Translated Set 2 keyboard as /devices/platform/i8042/serio0/input/input2
[    8.876336] device-mapper: uevent: version 1.0.3
[    8.928497] device-mapper: ioctl: 4.34.0-ioctl (2015-10-28) initialised: dm-devel@redhat.com
[    8.962778] platform eisa.0: Probing EISA bus 0
[    8.964836] platform eisa.0: EISA: Cannot allocate resource for mainboard
[    8.992883] platform eisa.0: Cannot allocate resource for EISA slot 1
[    9.024482] platform eisa.0: Cannot allocate resource for EISA slot 2
[    9.046912] platform eisa.0: Cannot allocate resource for EISA slot 3
[    9.072118] platform eisa.0: Cannot allocate resource for EISA slot 4
[    9.115817] platform eisa.0: Cannot allocate resource for EISA slot 5
[    9.128676] platform eisa.0: Cannot allocate resource for EISA slot 6
[    9.180333] platform eisa.0: Cannot allocate resource for EISA slot 7
[    9.201502] platform eisa.0: Cannot allocate resource for EISA slot 8
[    9.251023] platform eisa.0: EISA: Detected 0 cards
[    9.265856] cpufreq-nforce2: No nForce2 chipset.
[    9.300867] ledtrig-cpu: registered to indicate activity on CPUs
[    9.336901] NET: Registered protocol family 10
[    9.386624] NET: Registered protocol family 17
[    9.413934] Key type dns_resolver registered
[    9.425305] microcode: CPU0 sig=0x306d4, pf=0x40, revision=0x0
[    9.431038] microcode: CPU1 sig=0x306d4, pf=0x40, revision=0x0
[    9.459561] microcode: Microcode Update Driver: v2.01 <tigran@aivazian.fsnet.co.uk>, Peter Oruba
[    9.521938] Using IPI No-Shortcut mode
[    9.537620] registered taskstats version 1
[    9.557967] Loading compiled-in X.509 certificates
[    9.560578] Loaded X.509 cert 'Build time autogenerated kernel key: d48a22a44b04fe3b7d17981862a94a80204432fb'
[    9.562132] zswap: loaded using pool lzo/zbud
[    9.579383] Key type trusted registered
[    9.608834] Key type encrypted registered
[    9.625536] AppArmor: AppArmor sha1 policy hashing enabled
[    9.655032] ima: No TPM chip found, activating TPM-bypass!
[    9.690629] evm: HMAC attrs: 0x1
[    9.694108]   Magic number: 9:635:749
[    9.731233] tty ttyS0: hash matches
[    9.734425] rtc_cmos rtc_cmos: setting system clock to 2017-03-26 19:43:41 UTC (1490557421)
[    9.783732] BIOS EDD facility v0.16 2004-Jun-25, 0 devices found
[    9.825061] EDD information not available.
[    9.827157] Freeing unused kernel memory: 944K (c1b99000 - c1c85000)
[    9.862183] Write protecting the kernel text: 7936k
[    9.863085] Write protecting the kernel read-only data: 3168k
[    9.863983] NX-protecting the kernel data: 6400k
Loading, please wait...
starting version[    9.880883] random: systemd-udevd: uninitialized urandom read (16 bytes read, 0 bits of entropy available)
 229
[    9.881543] random: udevadm: uninitialized urandom read (16 bytes read, 0 bits of entropy available)
[    9.881592] random: udevadm: uninitialized urandom read (16 bytes read, 0 bits of entropy available)
[    9.881759] random: udevadm: uninitialized urandom read (16 bytes read, 0 bits of entropy available)
[    9.881865] random: udevadm: uninitialized urandom read (16 bytes read, 0 bits of entropy available)
[    9.881920] random: udevadm: uninitialized urandom read (16 bytes read, 0 bits of entropy available)
[    9.881991] random: udevadm: uninitialized urandom read (16 bytes read, 0 bits of entropy available)
[    9.882081] random: udevadm: uninitialized urandom read (16 bytes read, 0 bits of entropy available)
[    9.882205] random: udevadm: uninitialized urandom read (16 bytes read, 0 bits of entropy available)
[    9.882405] random: udevadm: uninitialized urandom read (16 bytes read, 0 bits of entropy available)
[   10.174605] Fusion MPT base driver 3.04.20
[   10.192538] Copyright (c) 1999-2008 LSI Corporation
[   10.204069] e1000: Intel(R) PRO/1000 Network Driver - version 7.3.21-k8-NAPI
[   10.243650] e1000: Copyright (c) 1999-2006 Intel Corporation.
[   10.291688] Fusion MPT SPI Host driver 3.04.20
[   10.584527] input: ImExPS/2 Generic Explorer Mouse as /devices/platform/i8042/serio1/input/input4
[   10.773174] e1000 0000:00:03.0 eth0: (PCI:33MHz:32-bit) 02:ba:9d:25:04:86
[   10.826090] e1000 0000:00:03.0 eth0: Intel(R) PRO/1000 Network Connection
[   10.851791] e1000 0000:00:03.0 enp0s3: renamed from eth0
[   10.908699] mptbase: ioc0: Initiating bringup
[   11.006602] ioc0: LSI53C1030 A0: Capabilities={Initiator}
[   11.183816] scsi host2: ioc0: LSI53C1030 A0, FwRev=00000000h, Ports=1, MaxQ=256, IRQ=20
[   11.319048] scsi 2:0:0:0: Direct-Access     VBOX     HARDDISK         1.0  PQ: 0 ANSI: 5
[   11.365501] scsi target2:0:0: Beginning Domain Validation
[   11.369198] scsi target2:0:0: Domain Validation skipping write tests
[   11.370175] scsi target2:0:0: Ending Domain Validation
[   11.376890] scsi target2:0:0: asynchronous
[   11.429676] scsi 2:0:1:0: Direct-Access     VBOX     HARDDISK         1.0  PQ: 0 ANSI: 5
[   11.495594] scsi target2:0:1: Beginning Domain Validation
[   11.552667] scsi target2:0:1: Domain Validation skipping write tests
[   11.612546] scsi target2:0:1: Ending Domain Validation
[   11.613510] scsi target2:0:1: asynchronous
[   11.620523] sd 2:0:0:0: Attached scsi generic sg0 type 0
[   11.622653] sd 2:0:0:0: [sda] 20971520 512-byte logical blocks: (10.7 GB/10.0 GiB)
[   11.692608] sd 2:0:0:0: [sda] Write Protect is off
[   11.693067] sd 2:0:1:0: [sdb] 20480 512-byte logical blocks: (10.5 MB/10.0 MiB)
[   11.693244] sd 2:0:1:0: [sdb] Write Protect is off
[   11.693351] sd 2:0:1:0: [sdb] Incomplete mode parameter data
[   11.693352] sd 2:0:1:0: [sdb] Assuming drive cache: write through
[   11.714702] sd 2:0:1:0: Attached scsi generic sg1 type 0
[   11.717251] sd 2:0:1:0: [sdb] Attached SCSI disk
[   11.929082] sd 2:0:0:0: [sda] Incomplete mode parameter data
[   11.956413] sd 2:0:0:0: [sda] Assuming drive cache: write through
[   11.978501]  sda: sda1
[   11.979743] sd 2:0:0:0: [sda] Attached SCSI disk
[   13.210602] floppy0: no floppy controllers found
Begin: Loading essential drivers[   14.662953] md: linear personality registered for level -1
 ... [   14.707612] md: multipath personality registered for level -4
[   14.742019] md: raid0 personality registered for level 0
[   14.763361] md: raid1 personality registered for level 1
[   14.878366] raid6: mmxx1    gen()  3109 MB/s
[   14.970377] raid6: mmxx2    gen()  4628 MB/s
[   15.042325] raid6: sse1x1   gen()  3985 MB/s
[   15.114741] raid6: sse1x2   gen()  5014 MB/s
[   15.194310] raid6: sse2x1   gen()  8966 MB/s
[   15.286450] raid6: sse2x1   xor()  6754 MB/s
[   15.378309] raid6: sse2x2   gen() 11185 MB/s
[   15.450358] raid6: sse2x2   xor()  7253 MB/s
[   15.473146] raid6: using algorithm sse2x2 gen() 11185 MB/s
[   15.488366] raid6: .... xor() 7253 MB/s, rmw enabled
[   15.519502] raid6: using ssse3x1 recovery algorithm
[   15.550164] xor: automatically using best checksumming function:
[   15.606322]    avx       : 23901.000 MB/sec
[   15.635861] async_tx: api initialized (async)
[   15.674327] md: raid6 personality registered for level 6
[   15.712118] md: raid5 personality registered for level 5
[   15.745349] md: raid4 personality registered for level 4
[   15.766037] md: raid10 personality registered for level 10
done.
Begin: Running /scripts/init-premount ... done.
Begin: Mounting root file system ... Begin: Running /scripts/local-top ... done[   15.856293] Btrfs loaded
.
Begin: Running /scripts/local-premount ... Scanning for Btrfs filesystems
done.
Warning: fsck not present, so sk[   15.930609] EXT4-fs (sda1): mounted filesystem with ordered data mode. Opts: (null)
ipping root file system
done.
Begin: Running /scripts/local-bottom ... done.
Begin: Running /scripts/init-bottom ... done.
[   16.104122] systemd[1]: systemd 229 running in system mode. (+PAM +AUDIT +SELINUX +IMA +APPARMOR +SMACK +SYSVINIT +UTMP +LIBCRYPTSETUP +GCRYPT +GNUTLS +ACL +XZ -LZ4 +SECCOMP +BLKID +ELFUTILS +KMOD -IDN)
[   16.220425] systemd[1]: Detected virtualization oracle.
[   16.259336] systemd[1]: Detected architecture x86.

Welcome to [1mUbuntu 16.04.1 LTS[0m!

[   16.323818] systemd[1]: Set hostname to <ubuntu-xenial>.
[   16.466261] systemd[1]: Listening on udev Control Socket.
[[0;32m  OK  [0m] Listening on udev Control Socket.
[   16.496567] systemd[1]: Created slice System Slice.
[[0;32m  OK  [0m] Created slice System Slice.
[   16.498484] systemd[1]: Listening on Syslog Socket.
[[0;32m  OK  [0m] Listening on Syslog Socket.
[   16.550549] systemd[1]: Listening on LVM2 poll daemon socket.
[[0;32m  OK  [0m] Listening on LVM2 poll daemon socket.
[   16.577698] systemd[1]: Listening on /dev/initctl Compatibility Named Pipe.
[[0;32m  OK  [0m] Listening on /dev/initctl Compatibility Named Pipe.
[   16.591494] systemd[1]: Set up automount Arbitrary Executable File Formats File System Automount Point.
[[0;32m  OK  [0m] Set up automount Arbitrary Executab...ats File System Automount Point.
[   16.681337] systemd[1]: Created slice system-serial\x2dgetty.slice.
[[0;32m  OK  [0m] Created slice system-serial\x2dgetty.slice.
[   16.683521] systemd[1]: Reached target Swap.
[[0;32m  OK  [0m] Reached target Swap.
[   16.686331] systemd[1]: Listening on udev Kernel Socket.
[[0;32m  OK  [0m] Listening on udev Kernel Socket.
[   16.711005] systemd[1]: Reached target Encrypted Volumes.
[[0;32m  OK  [0m] Reached target Encrypted Volumes.
[   16.751229] systemd[1]: Listening on LVM2 metadata daemon socket.
[[0;32m  OK  [0m] Listening on LVM2 metadata daemon socket.
[   16.777134] systemd[1]: Listening on Device-mapper event daemon FIFOs.
[[0;32m  OK  [0m] Listening on Device-mapper event daemon FIFOs.
[   16.853212] systemd[1]: Listening on Journal Socket.
[[0;32m  OK  [0m] Listening on Journal Socket.
[   16.894453] systemd[1]: Starting Set console keymap...
         Starting Set console keymap...
[   16.942517] systemd[1]: Starting Load Kernel Modules...
         Starting Load Kernel Modules...
[   16.963149] systemd[1]: Starting Create list of required static device nodes for the current kernel...
         [   17.028561] Loading iSCSI transport class v2.0-870.
Starting Create list of required st... nodes for the current ker[   17.085700] iscsi: registered transport (tcp)
nel...
[   17.158791] systemd[1]: Mounting Huge Pages File System...
         Mounting Huge Pages File System...
[   17.211249] iscsi: registered transport (iser)
[   17.238700] systemd[1]: Starting Remount Root and Kernel File Systems...
         Startin[   17.293714] EXT4-fs (sda1): re-mounted. Opts: (null)
g Remount Root and Kernel File Systems...
[   17.375000] systemd[1]: Starting Uncomplicated firewall...
         Starting Uncomplicated firewall...
[   17.419205] systemd[1]: Mounting POSIX Message Queue File System...
         Mounting POSIX Message Queue File System...
[   17.479916] systemd[1]: Started Forward Password Requests to Wall Directory Watch.
[[0;32m  OK  [0m] Started Forward Password Requests to Wall Directory Watch.
[   17.498636] systemd[1]: Starting Monitoring of LVM2 mirrors, snapshots etc. using dmeventd or progress polling...
[   17.499487] random: nonblocking pool is initialized
         Starting Monitoring of LVM2 mirrors... dmeventd or progress polling...
[   17.662540] systemd[1]: Mounting Debug File System...
         Mounting Debug File System...
[   17.714565] systemd[1]: Listening on Journal Socket (/dev/log).
[[0;32m  OK  [0m] Listening on Journal Socket (/dev/log).
[   17.794182] systemd[1]: Created slice User and Session Slice.
[[0;32m  OK  [0m] Created slice User and Session Slice.
[   17.813049] systemd[1]: Reached target Slices.
[[0;32m  OK  [0m] Reached target Slices.
[   17.927854] systemd[1]: Starting Nameserver information manager...
         Starting Nameserver information manager...
[   18.005129] systemd[1]: Listening on Journal Audit Socket.
[[0;32m  OK  [0m] Listening on Journal Audit Socket.
[   18.138706] systemd[1]: Starting Journal Service...
         Starting Journal Service...
[   18.190821] systemd[1]: Reached target User and Group Name Lookups.
[[0;32m  OK  [0m] Reached target User and Group Name Lookups.
[   18.323594] systemd[1]: Mounted Huge Pages File System.
[[0;32m  OK  [0m] Mounted Huge Pages File System.
[   18.374868] systemd[1]: Mounted POSIX Message Queue File System.
[[0;32m  OK  [0m] Mounted POSIX Message Queue File System.
[   18.450637] systemd[1]: Mounted Debug File System.
[[0;32m  OK  [0m] Mounted Debug File System.
[   18.463931] systemd[1]: Started Journal Service.
[[0;32m  OK  [0m] Started Journal Service.
[[0;32m  OK  [0m] Started Set console keymap.
[[0;32m  OK  [0m] Started Load Kernel Modules.
[[0;32m  OK  [0m] Started Create list of required sta...ce nodes for the current kernel.
[[0;32m  OK  [0m] Started Remount Root and Kernel File Systems.
[[0;32m  OK  [0m] Started Uncomplicated firewall.
[[0;32m  OK  [0m] Started Nameserver information manager.
[[0;32m  OK  [0m] Started LVM2 metadata daemon.
         Starting Initial cloud-init job (pre-networking)...
         Starting udev Coldplug all Devices...
         Starting Load/Save Random Seed...
         Starting Create Static Device Nodes in /dev...
         Mounting FUSE Control File System...
         Starting Apply Kernel Variables...
         Starting Flush Journal to Persistent Storage...
[[0;32m  OK  [0m] Mounted FUSE Control File System.
[[0;32m  OK  [0m] Started Load/Save Random Seed.
[[0;32m  OK  [0m] Started Create Static Device Nodes in /dev.
[[0;32m  OK  [0m] Started Apply Kernel Variables.
[[0;32m  OK  [0m] Started udev Coldplug all Devices.
[[0;32m  OK  [0m] Started Flush Journal to Persistent Storage.
         Starting udev Kernel Device Manager...
[[0;32m  OK  [0m] Started udev Kernel Device Manager.
[[0;32m  OK  [0m] Started Dispatch Password Requests to Console Directory Watch.
[[0;32m  OK  [0m] Started Monitoring of LVM2 mirrors,...ng dmeventd or progress polling.
[[0;32m  OK  [0m] Reached target Local File Systems (Pre).
[[0;32m  OK  [0m] Reached target Local File Systems.
         Starting Set console font and keymap...
         Starting LSB: AppArmor initialization...
         Starting Create Volatile Files and Directories...
         Starting Tell Plymouth To Write Out Runtime Data...
[[0;32m  OK  [0m] Started Create Volatile Files and Directories.
[[0;32m  OK  [0m] Started Tell Plymouth To Write Out Runtime Data.
[[0;32m  OK  [0m] Found device /dev/ttyS0.
[[0;32m  OK  [0m] Started LSB: AppArmor initialization.
[[0;32m  OK  [0m] Reached target System Time Synchronized.
         Starting Update UTMP about System Boot/Shutdown...
[[0;32m  OK  [0m] Started Set console font and keymap.
[[0;32m  OK  [0m] Created slice system-getty.slice.
[[0;32m  OK  [0m] Started Update UTMP about System Boot/Shutdown.
[   14.728692] cloud-init[465]: Cloud-init v. 0.7.8 running 'init-local' at Sun, 26 Mar 2017 19:43:51 +0000. Up 14.17 seconds.
[[0;32m  OK  [0m] Listening on Load/Save RF Kill Switch Status /dev/rfkill Watch.
[[0;32m  OK  [0m] Started Initial cloud-init job (pre-networking).
[[0;32m  OK  [0m] Reached target Network (Pre).
[[0;32m  OK  [0m] Started ifup for enp0s3.
         Starting Raise network interfaces...
[[0;32m  OK  [0m] Started Raise network interfaces.
         Starting Initial cloud-init job (metadata service crawler)...
[[0;32m  OK  [0m] Reached target Network.
[   17.770100] cloud-init[1061]: Cloud-init v. 0.7.8 running 'init' at Sun, 26 Mar 2017 19:43:54 +0000. Up 17.50 seconds.
[   17.781967] cloud-init[1061]: ci-info: +++++++++++++++++++++++++++++++++++++Net device info+++++++++++++++++++++++++++++++++++++
[   17.806189] cloud-init[1061]: ci-info: +--------+------+---------------------------+---------------+-------+-------------------+
[   17.856798] cloud-init[1061]: ci-info: | Device |  Up  |          Address          |      Mask     | Scope |     Hw-Address    |
[   17.857069] cloud-init[1061]: ci-info: +--------+------+---------------------------+---------------+-------+-------------------+
[[0;32m  OK  [0m] Started Initial cloud-init job (metadata service crawler).
[   17.857278] cloud-init[1061]: ci-info: |   lo   | True |         127.0.0.1         |   255.0.0.0   |   .   |         .         |
[   18.132581] cloud-init[1061]: ci-info: |   lo   | True |          ::1/128          |       .       |  host |         .         |
[   18.132942] cloud-init[1061]: ci-info: | enp0s3 | True |         10.0.2.15         | 255.255.255.0 |   .   | 02:ba:9d:25:04:86 |
[[0;32m  OK  [0m] Reached target Cloud-config availability.
[   18.133151] cloud-init[1061]: ci-info: | enp0s3 | True | fe80::ba:9dff:fe25:486/64 |       .       |  link | 02:ba:9d:25:04:86 |
[   18.368443] cloud-init[1061]: ci-info: +--------+------+---------------------------+---------------+-------+-------------------+
[   18.368836] cloud-init[1061]: ci-info: +++++++++++++++++++++++++++Route IPv4 info++++++++++++++++++++++++++++
[[0;32m  OK  [0m] Reached target System Initialization.
[[   18.369087] cloud-init[1061]: ci-info: +-------+-------------+----------+---------------+-----------+-------+
[   18.557872] cloud-init[1061]: ci-info: | Route | Destination | Gateway  |    Genmask    | Interface | Flags |
[0;32m  OK  [0m] Listening on D-Bus System Message Bus Socket.
[[   18.558014] cloud-init[1061]: ci-info: +-------+-------------+----------+---------------+-----------+-------+
[   18.729485] cloud-init[1061]: ci-info: |   0   |   0.0.0.0   | 10.0.2.2 |    0.0.0.0    |   enp0s3  |   UG  |
[   18.729783] [0;32m  OK  [0mcloud-init] [1061]: Started Trigger resolvconf update for networkd DNS.ci-info: |   1   |   10.0.2.0  | 0.0.0.0  | 255.255.255.0 |   enp0s3  |   U   |

[   18.924633] cloud-init[1061]: ci-info: +-------+-------------+----------+---------------+-----------+-------+
         Starting LXD - unix socket.
[[0;32m  OK  [0m] Listening on ACPID Listen Socket.
         Starting Socket activation for snappy daemon.
[[0;32m  OK  [0m] Started Daily apt activities.
[[0;32m  OK  [0m] Started Daily Cleanup of Temporary Directories.
[[0;32m  OK  [0m] Started ACPI Events Check.
[[0;32m  OK  [0m] Reached target Paths.
[[0;32m  OK  [0m] Started Timer to automatically refresh installed snaps.
[[0;32m  OK  [0m] Reached target Timers.
[[0;32m  OK  [0m] Listening on UUID daemon activation socket.
[[0;32m  OK  [0m] Reached target Network is Online.
         Starting iSCSI initiator daemon (iscsid)...
[[0;32m  OK  [0m] Listening on LXD - unix socket.
[[0;32m  OK  [0m] Listening on Socket activation for snappy daemon.
[[0;32m  OK  [0m] Started iSCSI initiator daemon (iscsid).
         Starting Login to default iSCSI targets...
[[0;32m  OK  [0m] Reached target Sockets.
[[0;32m  OK  [0m] Reached target Basic System.
         Starting System Logging Service...
[[0;32m  OK  [0m] Started Deferred execution scheduler.
         Starting /etc/rc.local Compatibility...
[[0;32m  OK  [0m] Started FUSE filesystem for LXC.
         Starting LSB: MD monitoring daemon...
[[0;32m  OK  [0m] Started Regular background program processing daemon.
         Starting Accounts Service...
         Starting Login Service...
         Starting Apply the settings specified in cloud-config...
[[0;32m  OK  [0m] Started D-Bus System Message Bus.
         Starting LXD - container startup/shutdown...
[[0;32m  OK  [0m] Started Snappy daemon.
         Starting Auto import assertions from block devices...
         Starting OpenBSD Secure Shell server...
[[0;32m  OK  [0m] Started ACPI event daemon.
         Starting Daily apt activities...
         Starting LSB: Record successful boot for GRUB...
[[0;32m  OK  [0m] Started System Logging Service.
[[0;32m  OK  [0m] Started OpenBSD Secure Shell server.
[[0;32m  OK  [0m] Started /etc/rc.local Compatibility.
[[0;32m  OK  [0m] Started LXD - container startup/shutdown.
[[0;32m  OK  [0m] Started Auto import assertions from block devices.
[[0;32m  OK  [0m] Started Login to default iSCSI targets.
[[0;32m  OK  [0m] Started LSB: MD monitoring daemon.
[[0;32m  OK  [0m] Started Apply the settings specified in cloud-config.
[   20.290146] cloud-init[1143]: Cloud-init v. 0.7.8 running 'modules:config' at Sun, 26 Mar 2017 19:43:57 +0000. Up 20.16 seconds.
[[0;32m  OK  [0m] Started LSB: Record successful boot for GRUB.
[[0;32m  OK  [0m] Started Login Service.
         Starting Authenticate and Authorize Users to Run Privileged Tasks...
[[0;32m  OK  [0m] Reached target Remote File Systems (Pre).
[[0;32m  OK  [0m] Reached target Remote File Systems.
         Starting LSB: Set the CPU Frequency Scaling governor to "ondemand"...
         Starting LSB: daemon to balance interrupts for SMP systems...
         Starting Permit User Sessions...
         Starting LSB: automatic crash report generation...
         Starting LSB: No Display Manager...
         Starting LSB: VirtualBox Linux Additions...
[[0;32m  OK  [0m] Started Permit User Sessions.
[[0;32m  OK  [0m] Started Authenticate and Authorize Users to Run Privileged Tasks.
[[0;32m  OK  [0m] Started Accounts Service.
[[0;32m  OK  [0m] Started LSB: Set the CPU Frequency Scaling governor to "ondemand".
[[0;32m  OK  [0m] Started LSB: daemon to balance interrupts for SMP systems.
         Starting Terminate Plymouth Boot Screen...
         Starting Hold until boot process finishes up...
[[0;32m  OK  [0m] Started LSB: automatic crash report generation.
[[0;32m  OK  [0m] Started LSB: No Display Manager.
[[0;32m  OK  [0m] Started LSB: VirtualBox Linux Additions.
[[0;32m  OK  [0m] Started Terminate Plymouth Boot Screen.
[[0;32m  OK  [0m] Started Hold until boot process finishes up.
[[0;32m  OK  [0m] Started Getty on tty1.
         Starting Set console scheme...
[[0;32m  OK  [0m] Started Serial Getty on ttyS0.
[[0;32m  OK  [0m] Reached target Login Prompts.
[[0;32m  OK  [0m] Reached target Multi-User System.
         Starting Execute cloud user/final scripts...
[[0;32m  OK  [0m] Reached target Graphical Interface.
         Starting Update UTMP about System Runlevel Changes...
[[0;32m  OK  [0m] Started Set console scheme.
[[0;32m  OK  [0m] Started Update UTMP about System Runlevel Changes.
[[0;32m  OK  [0m] Created slice User Slice of ubuntu.
[[0;32m  OK  [0m] Started Session c1 of user ubuntu.
         Starting User Manager for UID 1000...
[[0;32m  OK  [0m] Started User Manager for UID 1000.
[   21.698399] cloud-init[1358]: Cloud-init v. 0.7.8 running 'modules:final' at Sun, 26 Mar 2017 19:43:58 +0000. Up 21.58 seconds.
[[   21.756447] cloud-init[1358]: Cloud-init v. 0.7.8 finished at Sun, 26 Mar 2017 19:43:58 +0000. Datasource DataSourceNoCloud [seed=/dev/sdb][dsmode=net].  Up 21.69 seconds
[0;32m  OK  [0m] Started Execute cloud user/final scripts.
[[0;32m  OK  [0m] Reached target Cloud-init target.
[[0;32m  OK  [0m] Started Session 1 of user ubuntu.

Ubuntu 16.04.1 LTS ubuntu-xenial ttyS0

ubuntu-xenial login:          Stopping Authenticatea         Stopping LSB: daemon to balance interrupts for SMP systems...
         Stopping FUSE filesystem for LXC...
         Stopping Deferred execution scheduler...
         Stopping LSB: MD monitoring daemon...
         Stopping Snappy daemon...
         Stopping LSB: No Display Manager...
         Stopping LSB: automatic crash report generation...
         Stopping OpenBSD Secure Shell server...
         Stopping System Logging Service...
[[0;32m  OK  [0m] Stopped target Cloud-config availability.
[[0;32m  OK  [0m] Closed Load/Save RF Kill Switch Status /dev/rfkill Watch.
[[0;32m  OK  [0m] Unmounted /var/lib/lxcfs.
[[0;32m  OK  [0m] Stopped System Logging Service.
[[0;32m  OK  [0m] Stopped Deferred execution scheduler.
[[0;32m  OK  [0m] Stopped Regular background program processing daemon.
[[0;32m  OK  [0m] Stopped Accounts Service.
[[0;32m  OK  [0m] Stopped Snappy daemon.
[[0;32m  OK  [0m] Stopped OpenBSD Secure Shell server.
[[0;32m  OK  [0m] Stopped ACPI event daemon.
[[0;32m  OK  [0m] Stopped Authenticate and Authorize Users to Run Privileged Tasks.
[[0;32m  OK  [0m] Stopped Getty on tty1.
[[0;32m  OK  [0m] Stopped Serial Getty on ttyS0.
[[0;32m  OK  [0m] Stopped User Manager for UID 1000.
[[0;32m  OK  [0m] Stopped Session c1 of user ubuntu.
[[0;32m  OK  [0m] Stopped D-Bus System Message Bus.
[[0;32m  OK  [0m] Stopped Session 2 of user ubuntu.
[[0;32m  OK  [0m] Stopped FUSE filesystem for LXC.
[[0;32m  OK  [0m] Stopped LSB: Set the CPU Frequency Scaling governor to "ondemand".
[[0;32m  OK  [0m] Stopped LSB: VirtualBox Linux Additions.
[[0;32m  OK  [0m] Stopped LXD - container startup/shutdown.
[[0;32m  OK  [0m] Stopped LSB: Record successful boot for GRUB.
[[0;32m  OK  [0m] Stopped LSB: daemon to balance interrupts for SMP systems.
[[0;32m  OK  [0m] Stopped LSB: MD monitoring daemon.
[[0;32m  OK  [0m] Stopped LSB: No Display Manager.
[[0;32m  OK  [0m] Stopped LSB: automatic crash report generation.
[[0;32m  OK  [0m] Removed slice system-serial\x2dgetty.slice.
[[0;32m  OK  [0m] Stopped /etc/rc.local Compatibility.
[[0;32m  OK  [0m] Removed slice system-getty.slice.
[[0;32m  OK  [0m] Stopped Session 3 of user ubuntu.
[[0;32m  OK  [0m] Removed slice User Slice of ubuntu.
         Stopping Permit User Sessions...
         Stopping Login Service...
[[0;32m  OK  [0m] Stopped Login Service.
[[0;32m  OK  [0m] Stopped Permit User Sessions.
[[0;32m  OK  [0m] Stopped target Remote File Systems.
[[0;32m  OK  [0m] Stopped target Remote File Systems (Pre).
         Stopping Login to default iSCSI targets...
[[0;32m  OK  [0m] Stopped target User and Group Name Lookups.
[[0;32m  OK  [0m] Stopped target Basic System.
[[0;32m  OK  [0m] Stopped target Paths.
[[0;32m  OK  [0m] Stopped Forward Password Requests to Wall Directory Watch.
[[0;32m  OK  [0m] Stopped ACPI Events Check.
[[0;32m  OK  [0m] Stopped Trigger resolvconf update for networkd DNS.
[[0;32m  OK  [0m] Stopped Dispatch Password Requests to Console Directory Watch.
[[0;32m  OK  [0m] Stopped target Sockets.
[[0;32m  OK  [0m] Closed ACPID Listen Socket.
[[0;32m  OK  [0m] Closed Syslog Socket.
[[0;32m  OK  [0m] Closed LXD - unix socket.
[[0;32m  OK  [0m] Closed UUID daemon activation socket.
[[0;32m  OK  [0m] Closed Socket activation for snappy daemon.
[[0;32m  OK  [0m] Stopped target Slices.
[[0;32m  OK  [0m] Removed slice User and Session Slice.
[[0;32m  OK  [0m] Closed D-Bus System Message Bus Socket.
[[0;32m  OK  [0m] Stopped target System Initialization.
         Stopping Update UTMP about System Boot/Shutdown...
[[0;32m  OK  [0m] Stopped target Encrypted Volumes.
         Stopping Load/Save Random Seed...
[[0;32m  OK  [0m] Stopped target Swap.
[[0;32m  OK  [0m] Stopped Load/Save Random Seed.
[[0;32m  OK  [0m] Stopped Update UTMP about System Boot/Shutdown.
[[0;32m  OK  [0m] Stopped Login to default iSCSI targets.
         Stopping iSCSI initiator daemon (iscsid)...
[[0;32m  OK  [0m] Stopped Create Volatile Files and Directories.
[[0;32m  OK  [0m] Stopped iSCSI initiator daemon (iscsid).
[[0;32m  OK  [0m] Stopped target Network is Online.
[[0;32m  OK  [0m] Stopped Initial cloud-init job (metadata service crawler).
[[0;32m  OK  [0m] Stopped target Network.
         Stopping Raise network interfaces...
[[0;32m  OK  [0m] Stopped Raise network interfaces.
[[0;32m  OK  [0m] Stopped target Local File Systems.
         Unmounting /vagrant...
         Starting Unattended Upgrades Shutdown...
         Unmounting /run/user/1000...
[[0;32m  OK  [0m] Stopped Apply Kernel Variables.
[[0;32m  OK  [0m] Stopped Load Kernel Modules.
[[0;32m  OK  [0m] Stopped target Network (Pre).
[[0;32m  OK  [0m] Stopped Initial cloud-init job (pre-networking).
[[0;32m  OK  [0m] Unmounted /vagrant.
[[0;32m  OK  [0m] Started Unattended Upgrades Shutdown.
[[0;32m  OK  [0m] Unmounted /run/user/1000.
[[0;32m  OK  [0m] Reached target Unmount All Filesystems.
[[0;32m  OK  [0m] Stopped target Local File Systems (Pre).
         Stopping Monitoring of LVM2 mirrors... dmeventd or progress polling...
[[0;32m  OK  [0m] Stopped Create Static Device Nodes in /dev.
[[0;32m  OK  [0m] Stopped Remount Root and Kernel File Systems.
[[0;32m  OK  [0m] Reached target Shutdown.
[ 1088.060390] reboot: Power down