[    0.000000] Initializing cgroup subsys cpuset
[    0.000000] Initializing cgroup subsys cpu
[    0.000000] Initializing cgroup subsys cpuacct
[    0.000000] Linux version 4.4.0-75-generic (buildd@lcy01-04) (gcc version 5.4.0 20160609 (Ubuntu 5.4.0-6ubuntu1~16.04.4) ) #96-Ubuntu SMP Thu Apr 20 09:55:15 UTC 2017 (Ubuntu 4.4.0-75.96-generic 4.4.59)
[    0.000000] KERNEL supported cpus:
[    0.000000]   Intel GenuineIntel
[    0.000000]   AMD AuthenticAMD
[    0.000000]   NSC Geode by NSC
[    0.000000]   Cyrix CyrixInstead
[    0.000000]   Centaur CentaurHauls
[    0.000000]   Transmeta GenuineTMx86
[    0.000000]   Transmeta TransmetaCPU
[    0.000000]   UMC UMC UMC UMC
[    0.000000] x86/fpu: xstate_offset[2]:  576, xstate_sizes[2]:  256
[    0.000000] x86/fpu: Supporting XSAVE feature 0x01: 'x87 floating point registers'
[    0.000000] x86/fpu: Supporting XSAVE feature 0x02: 'SSE registers'
[    0.000000] x86/fpu: Supporting XSAVE feature 0x04: 'AVX registers'
[    0.000000] x86/fpu: Enabled xstate features 0x7, context size is 832 bytes, using 'standard' format.
[    0.000000] x86/fpu: Using 'lazy' FPU context switches.
[    0.000000] e820: BIOS-provided physical RAM map:
[    0.000000] BIOS-e820: [mem 0x0000000000000000-0x000000000009fbff] usable
[    0.000000] BIOS-e820: [mem 0x000000000009fc00-0x000000000009ffff] reserved
[    0.000000] BIOS-e820: [mem 0x00000000000f0000-0x00000000000fffff] reserved
[    0.000000] BIOS-e820: [mem 0x0000000000100000-0x000000003ffeffff] usable
[    0.000000] BIOS-e820: [mem 0x000000003fff0000-0x000000003fffffff] ACPI data
[    0.000000] BIOS-e820: [mem 0x00000000fec00000-0x00000000fec00fff] reserved
[    0.000000] BIOS-e820: [mem 0x00000000fee00000-0x00000000fee00fff] reserved
[    0.000000] BIOS-e820: [mem 0x00000000fffc0000-0x00000000ffffffff] reserved
[    0.000000] NX (Execute Disable) protection: active
[    0.000000] SMBIOS 2.5 present.
[    0.000000] Hypervisor detected: KVM
[    0.000000] e820: last_pfn = 0x3fff0 max_arch_pfn = 0x1000000
[    0.000000] MTRR: Disabled
[    0.000000] x86/PAT: MTRRs disabled, skipping PAT initialization too.
[    0.000000] x86/PAT: Configuration [0-7]: WB  WT  UC- UC  WB  WT  UC- UC  
[    0.000000] CPU MTRRs all blank - virtualized system.
[    0.000000] found SMP MP-table at [mem 0x0009fff0-0x0009ffff] mapped at [c009fff0]
[    0.000000] Scanning 1 areas for low memory corruption
[    0.000000] RAMDISK: [mem 0x3635e000-0x371a6fff]
[    0.000000] ACPI: Early table checksum verification disabled
[    0.000000] ACPI: RSDP 0x00000000000E0000 000024 (v02 VBOX  )
[    0.000000] ACPI: XSDT 0x000000003FFF0030 00003C (v01 VBOX   VBOXXSDT 00000001 ASL  00000061)
[    0.000000] ACPI: FACP 0x000000003FFF00F0 0000F4 (v04 VBOX   VBOXFACP 00000001 ASL  00000061)
[    0.000000] ACPI: DSDT 0x000000003FFF0470 00210F (v01 VBOX   VBOXBIOS 00000002 INTL 20100528)
[    0.000000] ACPI: FACS 0x000000003FFF0200 000040
[    0.000000] ACPI: FACS 0x000000003FFF0200 000040
[    0.000000] ACPI: APIC 0x000000003FFF0240 00005C (v02 VBOX   VBOXAPIC 00000001 ASL  00000061)
[    0.000000] ACPI: SSDT 0x000000003FFF02A0 0001CC (v01 VBOX   VBOXCPUT 00000002 INTL 20100528)
[    0.000000] 131MB HIGHMEM available.
[    0.000000] 891MB LOWMEM available.
[    0.000000]   mapped low ram: 0 - 37bfe000
[    0.000000]   low ram: 0 - 37bfe000
[    0.000000] kvm-clock: Using msrs 4b564d01 and 4b564d00
[    0.000000] kvm-clock: cpu 0, msr 0:37bfd001, primary cpu clock
[    0.000000] kvm-clock: using sched offset of 3217214606 cycles
[    0.000000] clocksource: kvm-clock: mask: 0xffffffffffffffff max_cycles: 0x1cd42e4dffb, max_idle_ns: 881590591483 ns
[    0.000000] Zone ranges:
[    0.000000]   DMA      [mem 0x0000000000001000-0x0000000000ffffff]
[    0.000000]   Normal   [mem 0x0000000001000000-0x0000000037bfdfff]
[    0.000000]   HighMem  [mem 0x0000000037bfe000-0x000000003ffeffff]
[    0.000000] Movable zone start for each node
[    0.000000] Early memory node ranges
[    0.000000]   node   0: [mem 0x0000000000001000-0x000000000009efff]
[    0.000000]   node   0: [mem 0x0000000000100000-0x000000003ffeffff]
[    0.000000] Initmem setup node 0 [mem 0x0000000000001000-0x000000003ffeffff]
[    0.000000] Using APIC driver default
[    0.000000] ACPI: PM-Timer IO Port: 0x4008
[    0.000000] IOAPIC[0]: apic_id 2, version 32, address 0xfec00000, GSI 0-23
[    0.000000] ACPI: INT_SRC_OVR (bus 0 bus_irq 0 global_irq 2 dfl dfl)
[    0.000000] ACPI: INT_SRC_OVR (bus 0 bus_irq 9 global_irq 9 high level)
[    0.000000] Using ACPI (MADT) for SMP configuration information
[    0.000000] smpboot: Allowing 2 CPUs, 0 hotplug CPUs
[    0.000000] PM: Registered nosave memory: [mem 0x00000000-0x00000fff]
[    0.000000] PM: Registered nosave memory: [mem 0x0009f000-0x0009ffff]
[    0.000000] PM: Registered nosave memory: [mem 0x000a0000-0x000effff]
[    0.000000] PM: Registered nosave memory: [mem 0x000f0000-0x000fffff]
[    0.000000] e820: [mem 0x40000000-0xfebfffff] available for PCI devices
[    0.000000] Booting paravirtualized kernel on KVM
[    0.000000] clocksource: refined-jiffies: mask: 0xffffffff max_cycles: 0xffffffff, max_idle_ns: 7645519600211568 ns
[    0.000000] setup_percpu: NR_CPUS:8 nr_cpumask_bits:8 nr_cpu_ids:2 nr_node_ids:1
[    0.000000] PERCPU: Embedded 19 pages/cpu @f71b0000 s47436 r0 d30388 u77824
[    0.000000] PV qspinlock hash table entries: 512 (order: 0, 4096 bytes)
[    0.000000] Built 1 zonelists in Zone order, mobility grouping on.  Total pages: 259800
[    0.000000] Kernel command line: BOOT_IMAGE=/boot/vmlinuz-4.4.0-75-generic root=UUID=51c5cf2e-3afd-4d38-a695-6d0b43c15355 ro console=tty1 console=ttyS0
[    0.000000] PID hash table entries: 4096 (order: 2, 16384 bytes)
[    0.000000] Dentry cache hash table entries: 131072 (order: 7, 524288 bytes)
[    0.000000] Inode-cache hash table entries: 65536 (order: 6, 262144 bytes)
[    0.000000] Initializing CPU#0
[    0.000000] Initializing HighMem for node 0 (00037bfe:0003fff0)
[    0.000000] Initializing Movable for node 0 (00000000:00000000)
[    0.000000] Memory: 1008340K/1048120K available (7928K kernel code, 770K rwdata, 3164K rodata, 940K init, 800K bss, 39780K reserved, 0K cma-reserved, 135112K highmem)
[    0.000000] virtual kernel memory layout:
[    0.000000]     fixmap  : 0xfff15000 - 0xfffff000   ( 936 kB)
[    0.000000]     pkmap   : 0xffc00000 - 0xffe00000   (2048 kB)
[    0.000000]     vmalloc : 0xf83fe000 - 0xffbfe000   ( 120 MB)
[    0.000000]     lowmem  : 0xc0000000 - 0xf7bfe000   ( 891 MB)
[    0.000000]       .init : 0xc1b99000 - 0xc1c84000   ( 940 kB)
[    0.000000]       .data : 0xc17be50b - 0xc1b97b40   (3941 kB)
[    0.000000]       .text : 0xc1000000 - 0xc17be50b   (7929 kB)
[    0.000000] Checking if this processor honours the WP bit even in supervisor mode...Ok.
[    0.000000] SLUB: HWalign=64, Order=0-3, MinObjects=0, CPUs=2, Nodes=1
[    0.000000] Hierarchical RCU implementation.
[    0.000000] 	Build-time adjustment of leaf fanout to 32.
[    0.000000] 	RCU restricting CPUs from NR_CPUS=8 to nr_cpu_ids=2.
[    0.000000] RCU: Adjusting geometry for rcu_fanout_leaf=32, nr_cpu_ids=2
[    0.000000] NR_IRQS:2304 nr_irqs:440 16
[    0.000000] Console: colour VGA+ 80x25
[    0.000000] console [tty1] enabled
[    0.000000] console [ttyS0] enabled
[    0.000000] allocated 1048576 bytes of page_ext
[    0.000000] tsc: Detected 2899.998 MHz processor
[    4.120474] Calibrating delay loop (skipped) preset value.. 5799.99 BogoMIPS (lpj=11599992)
[    4.146304] pid_max: default: 32768 minimum: 301
[    4.157565] ACPI: Core revision 20150930
[    4.159190] ACPI: 2 ACPI AML tables successfully acquired and loaded
[    4.169665] Security Framework initialized
[    4.191402] Yama: becoming mindful.
[    4.192246] AppArmor: AppArmor initialized
[    4.203526] Mount-cache hash table entries: 2048 (order: 1, 8192 bytes)
[    4.204920] Mountpoint-cache hash table entries: 2048 (order: 1, 8192 bytes)
[    4.207676] Initializing cgroup subsys io
[    4.234905] Initializing cgroup subsys memory
[    4.260127] Initializing cgroup subsys devices
[    4.280691] Initializing cgroup subsys freezer
[    4.292935] Initializing cgroup subsys net_cls
[    4.326139] Initializing cgroup subsys perf_event
[    4.354237] Initializing cgroup subsys net_prio
[    4.405604] Initializing cgroup subsys hugetlb
[    4.436852] Initializing cgroup subsys pids
[    4.444720] CPU: Physical Processor ID: 0
[    4.470150] CPU: Processor Core ID: 0
[    4.472780] mce: CPU supports 0 MCE banks
[    4.479329] Last level iTLB entries: 4KB 64, 2MB 8, 4MB 8
[    4.490261] Last level dTLB entries: 4KB 64, 2MB 0, 4MB 0, 1GB 4
[    4.494372] Freeing SMP alternatives memory: 28K (c1c84000 - c1c8b000)
[    4.527981] ftrace: allocating 31398 entries in 62 pages
[    4.577099] smpboot: APIC(0) Converting physical 0 to logical package 0
[    4.585192] smpboot: Max logical packages: 1
[    4.586194] Enabling APIC mode:  Flat.  Using 1 I/O APICs
[    4.588540] ..TIMER: vector=0x30 apic1=0 pin1=2 apic2=-1 pin2=-1
[    4.745637] smpboot: CPU0: Intel(R) Core(TM) i5-5287U CPU @ 2.90GHz (family: 0x6, model: 0x3d, stepping: 0x4)
[    4.832382] Performance Events: unsupported p6 CPU model 61 no PMU driver, software events only.
[    4.855836] KVM setup paravirtual spinlock
[    4.863129] x86: Booting SMP configuration:
[    4.888131] .... node  #0, CPUs:      #1
[1266874886.492337] Initializing CPU#1
[    4.921819] kvm-clock: cpu 1, msr 0:37bfd041, secondary cpu clock
[    4.925778] mce: CPU supports 0 MCE banks
[    4.928419] x86: Booted up 1 node, 2 CPUs
[    4.961317] smpboot: Total of 2 processors activated (11599.99 BogoMIPS)
[    5.002897] devtmpfs: initialized
[    5.024555] evm: security.selinux
[    5.028942] evm: security.SMACK64
[    5.042417] evm: security.SMACK64EXEC
[    5.043282] evm: security.SMACK64TRANSMUTE
[    5.074309] evm: security.SMACK64MMAP
[    5.086599] evm: security.ima
[    5.087295] evm: security.capability
[    5.095503] clocksource: jiffies: mask: 0xffffffff max_cycles: 0xffffffff, max_idle_ns: 7645041785100000 ns
[    5.120205] futex hash table entries: 512 (order: 3, 32768 bytes)
[    5.180927] pinctrl core: initialized pinctrl subsystem
[    5.185514] RTC time: 14:50:32, date: 05/01/17
[    5.203998] NET: Registered protocol family 16
[    5.209621] EISA bus registered
[    5.237919] cpuidle: using governor ladder
[    5.254668] cpuidle: using governor menu
[    5.293203] PCCT header not found.
[    5.315805] ACPI: bus type PCI registered
[    5.333411] acpiphp: ACPI Hot Plug PCI Controller Driver version: 0.5
[    5.355425] PCI : PCI BIOS area is rw and x. Use pci=nobios if you want it NX.
[    5.394378] PCI: PCI BIOS revision 2.10 entry at 0xfda26, last bus=0
[    5.402210] PCI: Using configuration type 1 for base access
[    5.427056] ACPI: Added _OSI(Module Device)
[    5.442651] ACPI: Added _OSI(Processor Device)
[    5.483055] ACPI: Added _OSI(3.0 _SCP Extensions)
[    5.503219] ACPI: Added _OSI(Processor Aggregator Device)
[    5.504999] ACPI: Executed 1 blocks of module-level executable AML code
[    5.527525] ACPI: Interpreter enabled
[    5.573360] ACPI: (supports S0 S5)
[    5.583274] ACPI: Using IOAPIC for interrupt routing
[    5.585637] PCI: Using host bridge windows from ACPI; if necessary, use "pci=nocrs" and report a bug
[    5.628815] ACPI: PCI Root Bridge [PCI0] (domain 0000 [bus 00-ff])
[    5.642205] acpi PNP0A03:00: _OSC: OS supports [ASPM ClockPM Segments MSI]
[    5.687674] acpi PNP0A03:00: _OSC failed (AE_NOT_FOUND); disabling ASPM
[    5.758197] acpi PNP0A03:00: fail to add MMCONFIG information, can't access extended PCI configuration space under this bridge.
[    5.796500] PCI host bridge to bus 0000:00
[    5.831031] pci_bus 0000:00: root bus resource [io  0x0000-0x0cf7 window]
[    5.878423] pci_bus 0000:00: root bus resource [io  0x0d00-0xffff window]
[    5.883952] pci_bus 0000:00: root bus resource [mem 0x000a0000-0x000bffff window]
[    5.905843] pci_bus 0000:00: root bus resource [mem 0x40000000-0xffdfffff window]
[    5.915188] pci_bus 0000:00: root bus resource [bus 00-ff]
[    5.953291] pci 0000:00:01.1: legacy IDE quirk: reg 0x10: [io  0x01f0-0x01f7]
[    5.981904] pci 0000:00:01.1: legacy IDE quirk: reg 0x14: [io  0x03f6]
[    6.052255] pci 0000:00:01.1: legacy IDE quirk: reg 0x18: [io  0x0170-0x0177]
[    6.114497] pci 0000:00:01.1: legacy IDE quirk: reg 0x1c: [io  0x0376]
[    6.138077] pci 0000:00:07.0: quirk: [io  0x4000-0x403f] claimed by PIIX4 ACPI
[    6.197614] pci 0000:00:07.0: quirk: [io  0x4100-0x410f] claimed by PIIX4 SMB
[    6.292354] ACPI: PCI Interrupt Link [LNKA] (IRQs 5 9 10 *11)
[    6.339227] ACPI: PCI Interrupt Link [LNKB] (IRQs 5 9 10 *11)
[    6.345866] ACPI: PCI Interrupt Link [LNKC] (IRQs 5 9 *10 11)
[    6.347460] ACPI: PCI Interrupt Link [LNKD] (IRQs 5 *9 10 11)
[    6.365545] ACPI: Enabled 2 GPEs in block 00 to 07
[    6.393890] vgaarb: setting as boot device: PCI:0000:00:02.0
[    6.406765] vgaarb: device added: PCI:0000:00:02.0,decodes=io+mem,owns=io+mem,locks=none
[    6.416992] vgaarb: loaded
[    6.425421] vgaarb: bridge control possible 0000:00:02.0
[    6.439528] SCSI subsystem initialized
[    6.474433] ACPI: bus type USB registered
[    6.488085] usbcore: registered new interface driver usbfs
[    6.489221] usbcore: registered new interface driver hub
[    6.490346] usbcore: registered new device driver usb
[    6.545445] PCI: Using ACPI for IRQ routing
[    6.579140] NetLabel: Initializing
[    6.592105] NetLabel:  domain hash size = 128
[    6.602644] NetLabel:  protocols = UNLABELED CIPSOv4
[    6.629429] NetLabel:  unlabeled traffic allowed by default
[    6.636164] amd_nb: Cannot enumerate AMD northbridges
[    6.655434] clocksource: Switched to clocksource kvm-clock
[    6.678729] AppArmor: AppArmor Filesystem Enabled
[    6.691301] pnp: PnP ACPI init
[    6.714201] pnp: PnP ACPI: found 3 devices
[    6.722621] PnPBIOS: Disabled by ACPI PNP
[    6.787525] clocksource: acpi_pm: mask: 0xffffff max_cycles: 0xffffff, max_idle_ns: 2085701024 ns
[    6.886782] NET: Registered protocol family 2
[    6.887871] TCP established hash table entries: 8192 (order: 3, 32768 bytes)
[    6.902626] TCP bind hash table entries: 8192 (order: 4, 65536 bytes)
[    6.909687] TCP: Hash tables configured (established 8192 bind 8192)
[    6.923799] UDP hash table entries: 512 (order: 2, 16384 bytes)
[    6.931574] UDP-Lite hash table entries: 512 (order: 2, 16384 bytes)
[    6.955697] NET: Registered protocol family 1
[    7.020279] pci 0000:00:00.0: Limiting direct PCI/PCI transfers
[    7.094208] pci 0000:00:01.0: Activating ISA DMA hang workarounds
[    7.113214] Unpacking initramfs...
[    7.400653] Freeing initrd memory: 14628K (f635e000 - f71a7000)
[    7.539732] RAPL PMU detected, API unit is 2^-32 Joules, 4 fixed counters 10737418240 ms ovfl timer
[    7.570834] hw unit of domain pp0-core 2^-0 Joules
[    7.592370] hw unit of domain package 2^-0 Joules
[    7.593335] hw unit of domain dram 2^-0 Joules
[    7.594535] hw unit of domain pp1-gpu 2^-0 Joules
[    7.595997] platform rtc_cmos: registered platform RTC device (no PNP device found)
[    7.612813] Scanning for low memory corruption every 60 seconds
[    7.642420] audit: initializing netlink subsys (disabled)
[    7.700397] audit: type=2000 audit(1493650233.766:1): initialized
[    7.716758] Initialise system trusted keyring
[    7.730073] HugeTLB registered 2 MB page size, pre-allocated 0 pages
[    7.804981] zbud: loaded
[    7.844228] VFS: Disk quotas dquot_6.6.0
[    7.862019] VFS: Dquot-cache hash table entries: 1024 (order 0, 4096 bytes)
[    7.920597] squashfs: version 4.0 (2009/01/31) Phillip Lougher
[    8.032372] fuse init (API version 7.23)
[    8.102212] Key type big_key registered
[    8.125043] Allocating IMA MOK and blacklist keyrings.
[    8.132435] Key type asymmetric registered
[    8.145509] Asymmetric key parser 'x509' registered
[    8.146541] bounce: pool size: 64 pages
[    8.147428] Block layer SCSI generic (bsg) driver version 0.4 loaded (major 249)
[    8.154933] io scheduler noop registered
[    8.168821] io scheduler deadline registered (default)
[    8.186336] io scheduler cfq registered
[    8.187316] pci_hotplug: PCI Hot Plug PCI Core version: 0.5
[    8.205005] pciehp: PCI Express Hot Plug Controller Driver version: 0.4
[    8.212233] ACPI: AC Adapter [AC] (off-line)
[    8.229588] input: Power Button as /devices/LNXSYSTM:00/LNXPWRBN:00/input/input0
[    8.268244] ACPI: Power Button [PWRF]
[    8.274578] input: Sleep Button as /devices/LNXSYSTM:00/LNXSLPBN:00/input/input1
[    8.286803] ACPI: Sleep Button [SLPF]
[    8.306476] GHES: HEST is not enabled!
[    8.307737] ACPI: Battery Slot [BAT0] (battery present)
[    8.328470] isapnp: Scanning for PnP cards...
[    8.354603] Serial: 8250/16550 driver, 32 ports, IRQ sharing enabled
[    8.394342] 00:02: ttyS0 at I/O 0x3f8 (irq = 4, base_baud = 115200) is a 16550A
[    8.434986] Linux agpgart interface v0.103
[    8.451638] loop: module loaded
[    8.466264] scsi host0: ata_piix
[    8.468484] scsi host1: ata_piix
[    8.480325] ata1: PATA max UDMA/33 cmd 0x1f0 ctl 0x3f6 bmdma 0xd000 irq 14
[    8.518431] ata2: PATA max UDMA/33 cmd 0x170 ctl 0x376 bmdma 0xd008 irq 15
[    8.520216] libphy: Fixed MDIO Bus: probed
[    8.521328] tun: Universal TUN/TAP device driver, 1.6
[    8.522459] tun: (C) 1999-2004 Max Krasnyansky <maxk@qualcomm.com>
[    8.524085] PPP generic driver version 2.4.2
[    8.525136] ehci_hcd: USB 2.0 'Enhanced' Host Controller (EHCI) Driver
[    8.526628] ehci-pci: EHCI PCI platform driver
[    8.527750] ehci-platform: EHCI generic platform driver
[    8.528893] ohci_hcd: USB 1.1 'Open' Host Controller (OHCI) Driver
[    8.530241] ohci-pci: OHCI PCI platform driver
[    8.544214] ohci-platform: OHCI generic platform driver
[    8.550011] uhci_hcd: USB Universal Host Controller Interface driver
[    8.562142] i8042: PNP: PS/2 Controller [PNP0303:PS2K,PNP0f03:PS2M] at 0x60,0x64 irq 1,12
[    8.588806] serio: i8042 KBD port at 0x60,0x64 irq 1
[    8.603423] tsc: Refined TSC clocksource calibration: 2898.904 MHz
[    8.605077] clocksource: tsc: mask: 0xffffffffffffffff max_cycles: 0x29c937eadc4, max_idle_ns: 440795316229 ns
[    8.608934] serio: i8042 AUX port at 0x60,0x64 irq 12
[    8.628879] mousedev: PS/2 mouse device common for all mice
[    8.672853] rtc_cmos rtc_cmos: rtc core: registered rtc_cmos as rtc0
[    8.682998] input: AT Translated Set 2 keyboard as /devices/platform/i8042/serio0/input/input2
[    8.690342] rtc_cmos rtc_cmos: alarms up to one day, 114 bytes nvram
[    8.694733] i2c /dev entries driver
[    8.697242] device-mapper: uevent: version 1.0.3
[    8.700260] device-mapper: ioctl: 4.34.0-ioctl (2015-10-28) initialised: dm-devel@redhat.com
[    8.708579] platform eisa.0: Probing EISA bus 0
[    8.721654] platform eisa.0: EISA: Cannot allocate resource for mainboard
[    8.724603] platform eisa.0: Cannot allocate resource for EISA slot 1
[    8.733134] platform eisa.0: Cannot allocate resource for EISA slot 2
[    8.734648] isapnp: No Plug & Play device found
[    8.761463] platform eisa.0: Cannot allocate resource for EISA slot 3
[    8.766363] platform eisa.0: Cannot allocate resource for EISA slot 4
[    8.770344] platform eisa.0: Cannot allocate resource for EISA slot 5
[    8.780489] platform eisa.0: Cannot allocate resource for EISA slot 6
[    8.791842] platform eisa.0: Cannot allocate resource for EISA slot 7
[    8.801532] platform eisa.0: Cannot allocate resource for EISA slot 8
[    8.805117] platform eisa.0: EISA: Detected 0 cards
[    8.810731] cpufreq-nforce2: No nForce2 chipset.
[    8.823945] ledtrig-cpu: registered to indicate activity on CPUs
[    8.826130] NET: Registered protocol family 10
[    8.828770] NET: Registered protocol family 17
[    8.832920] Key type dns_resolver registered
[    8.836381] microcode: CPU0 sig=0x306d4, pf=0x40, revision=0x0
[    8.841187] microcode: CPU1 sig=0x306d4, pf=0x40, revision=0x0
[    8.844387] microcode: Microcode Update Driver: v2.01 <tigran@aivazian.fsnet.co.uk>, Peter Oruba
[    8.853909] Using IPI No-Shortcut mode
[    8.861649] registered taskstats version 1
[    8.862787] Loading compiled-in X.509 certificates
[    8.871758] Loaded X.509 cert 'Build time autogenerated kernel key: 07b96e98effcf92e436e5474864c4a8d42920bdd'
[    8.929506] zswap: loaded using pool lzo/zbud
[    9.007030] Key type trusted registered
[    9.020975] Key type encrypted registered
[    9.026995] AppArmor: AppArmor sha1 policy hashing enabled
[    9.038194] ima: No TPM chip found, activating TPM-bypass!
[    9.042136] evm: HMAC attrs: 0x1
[    9.046467]   Magic number: 1:340:838
[    9.054503] rtc_cmos rtc_cmos: setting system clock to 2017-05-01 14:50:36 UTC (1493650236)
[    9.063410] BIOS EDD facility v0.16 2004-Jun-25, 0 devices found
[    9.071991] EDD information not available.
[    9.082910] Freeing unused kernel memory: 940K (c1b99000 - c1c84000)
[    9.085614] Write protecting the kernel text: 7932k
[    9.086683] Write protecting the kernel read-only data: 3168k
[    9.089237] NX-protecting the kernel data: 6404k
Loading, please wait...
starting version[    9.112360] random: systemd-udevd: uninitialized urandom read (16 bytes read, 0 bits of entropy available)
 229
[    9.113071] random: udevadm: uninitialized urandom read (16 bytes read, 0 bits of entropy available)
[    9.113121] random: udevadm: uninitialized urandom read (16 bytes read, 0 bits of entropy available)
[    9.113297] random: udevadm: uninitialized urandom read (16 bytes read, 0 bits of entropy available)
[    9.113437] random: udevadm: uninitialized urandom read (16 bytes read, 0 bits of entropy available)
[    9.113516] random: udevadm: uninitialized urandom read (16 bytes read, 0 bits of entropy available)
[    9.113594] random: udevadm: uninitialized urandom read (16 bytes read, 0 bits of entropy available)
[    9.113661] random: udevadm: uninitialized urandom read (16 bytes read, 0 bits of entropy available)
[    9.113726] random: udevadm: uninitialized urandom read (16 bytes read, 0 bits of entropy available)
[    9.113840] random: udevadm: uninitialized urandom read (16 bytes read, 0 bits of entropy available)
[    9.228045] e1000: Intel(R) PRO/1000 Network Driver - version 7.3.21-k8-NAPI
[    9.231301] e1000: Copyright (c) 1999-2006 Intel Corporation.
[    9.244277] Fusion MPT base driver 3.04.20
[    9.281223] Copyright (c) 1999-2008 LSI Corporation
[    9.320053] Fusion MPT SPI Host driver 3.04.20
[    9.532610] input: ImExPS/2 Generic Explorer Mouse as /devices/platform/i8042/serio1/input/input4
[    9.645234] e1000 0000:00:03.0 eth0: (PCI:33MHz:32-bit) 02:ba:9d:25:04:86
[    9.674579] e1000 0000:00:03.0 eth0: Intel(R) PRO/1000 Network Connection
[    9.676774] mptbase: ioc0: Initiating bringup
[    9.695922] e1000 0000:00:03.0 enp0s3: renamed from eth0
[    9.771738] ioc0: LSI53C1030 A0: Capabilities={Initiator}
[    9.993455] scsi host2: ioc0: LSI53C1030 A0, FwRev=00000000h, Ports=1, MaxQ=256, IRQ=20
[   10.128319] scsi 2:0:0:0: Direct-Access     VBOX     HARDDISK         1.0  PQ: 0 ANSI: 5
[   10.140703] scsi target2:0:0: Beginning Domain Validation
[   10.179763] scsi target2:0:0: Domain Validation skipping write tests
[   10.211733] scsi target2:0:0: Ending Domain Validation
[   10.224465] scsi target2:0:0: asynchronous
[   10.239795] scsi 2:0:1:0: Direct-Access     VBOX     HARDDISK         1.0  PQ: 0 ANSI: 5
[   10.253627] scsi target2:0:1: Beginning Domain Validation
[   10.283312] scsi target2:0:1: Domain Validation skipping write tests
[   10.302163] scsi target2:0:1: Ending Domain Validation
[   10.316527] scsi target2:0:1: asynchronous
[   10.333025] sd 2:0:0:0: [sda] 20971520 512-byte logical blocks: (10.7 GB/10.0 GiB)
[   10.333049] sd 2:0:0:0: Attached scsi generic sg0 type 0
[   10.378606] sd 2:0:0:0: [sda] Write Protect is off
[   10.379155] sd 2:0:1:0: [sdb] 20480 512-byte logical blocks: (10.5 MB/10.0 MiB)
[   10.379358] sd 2:0:1:0: [sdb] Write Protect is off
[   10.380048] sd 2:0:1:0: [sdb] Incomplete mode parameter data
[   10.380050] sd 2:0:1:0: [sdb] Assuming drive cache: write through
[   10.392097] sd 2:0:1:0: Attached scsi generic sg1 type 0
[   10.394957] sd 2:0:1:0: [sdb] Attached SCSI disk
[   10.526208] sd 2:0:0:0: [sda] Incomplete mode parameter data
[   10.591787] sd 2:0:0:0: [sda] Assuming drive cache: write through
[   10.635450]  sda: sda1
[   10.684025] sd 2:0:0:0: [sda] Attached SCSI disk
[   12.244120] floppy0: no floppy controllers found
Begin: Loading e[   13.736300] md: linear personality registered for level -1
ssential drivers ... [   13.801794] md: multipath personality registered for level -4
[   13.819133] md: raid0 personality registered for level 0
[   13.864636] md: raid1 personality registered for level 1
[   13.999704] raid6: mmxx1    gen()  5413 MB/s
[   14.115500] raid6: mmxx2    gen()  5893 MB/s
[   14.227871] raid6: sse1x1   gen()  4592 MB/s
[   14.347920] raid6: sse1x2   gen()  5771 MB/s
[   14.479945] raid6: sse2x1   gen()  9808 MB/s
[   14.591524] raid6: sse2x1   xor()  5083 MB/s
[   14.691775] raid6: sse2x2   gen() 11666 MB/s
[   14.763509] raid6: sse2x2   xor()  7694 MB/s
[   14.790486] raid6: using algorithm sse2x2 gen() 11666 MB/s
[   14.802533] raid6: .... xor() 7694 MB/s, rmw enabled
[   14.803599] raid6: using ssse3x1 recovery algorithm
[   14.808698] xor: automatically using best checksumming function:
[   14.863700]    avx       : 19578.000 MB/sec
[   14.963982] async_tx: api initialized (async)
[   14.993661] md: raid6 personality registered for level 6
[   14.999389] md: raid5 personality registered for level 5
[   15.001044] md: raid4 personality registered for level 4
[   15.022559] md: raid10 personality registered for level 10
done.
Begin: Running /scripts/init-premount ... done.
Begin: Mounting root file system ... Begin: Running /scripts/local-top ... done.
Begin: Running /scripts/l[   15.134171] Btrfs loaded
ocal-premount ... Scanning for Btrfs filesystems
done.
Warning: fsck no[   15.187789] EXT4-fs (sda1): mounted filesystem with ordered data mode. Opts: (null)
t present, so skipping root file system
done.
Begin: Running /scripts/local-bottom ... done.
Begin: Running /scripts/init-bottom ... done.
[   15.330364] systemd[1]: systemd 229 running in system mode. (+PAM +AUDIT +SELINUX +IMA +APPARMOR +SMACK +SYSVINIT +UTMP +LIBCRYPTSETUP +GCRYPT +GNUTLS +ACL +XZ -LZ4 +SECCOMP +BLKID +ELFUTILS +KMOD -IDN)
[   15.498230] systemd[1]: Detected virtualization oracle.
[   15.511535] systemd[1]: Detected architecture x86.

Welcome to [1mUbuntu 16.04.1 LTS[0m!

[   15.523665] systemd[1]: Set hostname to <ubuntu-xenial>.
[   15.708772] systemd[1]: Listening on udev Control Socket.
[[0;32m  OK  [0m] Listening on udev Control Socket.
[   15.757867] systemd[1]: Reached target User and Group Name Lookups.
[[0;32m  OK  [0m] Reached target User and Group Name Lookups.
[   15.796362] systemd[1]: Reached target Encrypted Volumes.
[[0;32m  OK  [0m] Reached target Encrypted Volumes.
[   15.799100] systemd[1]: Started Forward Password Requests to Wall Directory Watch.
[[0;32m  OK  [0m] Started Forward Password Requests to Wall Directory Watch.
[   15.812011] systemd[1]: Listening on LVM2 poll daemon socket.
[[0;32m  OK  [0m] Listening on LVM2 poll daemon socket.
[   15.929575] systemd[1]: Listening on Journal Socket (/dev/log).
[[0;32m  OK  [0m] Listening on Journal Socket (/dev/log).
[   16.022879] systemd[1]: Reached target Swap.
[[0;32m  OK  [0m] Reached target Swap.
[   16.038407] systemd[1]: Listening on Device-mapper event daemon FIFOs.
[[0;32m  OK  [0m] Listening on Device-mapper event daemon FIFOs.
[   16.110455] systemd[1]: Listening on Journal Socket.
[[0;32m  OK  [0m] Listening on Journal Socket.
[   16.113640] systemd[1]: Created slice User and Session Slice.
[[0;32m  OK  [0m] Created slice User and Session Slice.
[   16.118069] systemd[1]: Listening on Syslog Socket.
[[0;32m  OK  [0m] Listening on Syslog Socket.
[   16.134671] systemd[1]: Listening on udev Kernel Socket.
[[0;32m  OK  [0m] Listening on udev Kernel Socket.
[   16.141053] systemd[1]: Created slice System Slice.
[[0;32m  OK  [0m] Created slice System Slice.
[   16.175806] systemd[1]: Mounting Debug File System...
         Mounting Debug File System...
[   16.302304] systemd[1]: Starting Uncomplicated firewall...
         Starting Uncomplicated firewall...
[   16.380211] systemd[1]: Starting Nameserver information manager...
         Starting Nameserver information manager...
[   16.408701] systemd[1]: Mounting POSIX Message Queue File System...
         Mounting POSIX Message Queue File System...
[   16.580032] systemd[1]: Mounting Huge Pages File System...
         Mounting Huge Pages File System...
[   16.720016] systemd[1]: Starting Load Kernel Modules...
[   16.723053] random: nonblocking pool is initialized
         Starting Load Kernel Modules...
[   16.744808] Loading iSCSI transport class v2.0-870.
[   16.745425] systemd[1]: Starting Create list of required static device nodes for the current kernel...
         Starting Create list of[   16.858011] iscsi: registered transport (tcp)
 required st... nodes for the current kernel...
[   16.889838] systemd[1]: Starting Set console keymap...
         Starting Set console keymap...
[   16.931809] systemd[1]: Starting Remount Root and Kernel File Systems...
         [   16.954820] EXT4-fs (sda1): re-mounted. Opts: (null)
Starting Remount Root and Kernel[   16.978688] iscsi: registered transport (iser)
 File Systems...
[   17.000104] systemd[1]: Set up automount Arbitrary Executable File Formats File System Automount Point.
[[0;32m  OK  [0m] Set up automount Arbitrary Executab...ats File System Automount Point.
[   17.063051] systemd[1]: Reached target Slices.
[[0;32m  OK  [0m] Reached target Slices.
[   17.097413] systemd[1]: Listening on Journal Audit Socket.
[[0;32m  OK  [0m] Listening on Journal Audit Socket.
[   17.116270] systemd[1]: Starting Journal Service...
         Starting Journal Service...
[   17.163872] systemd[1]: Listening on /dev/initctl Compatibility Named Pipe.
[[0;32m  OK  [0m] Listening on /dev/initctl Compatibility Named Pipe.
[   17.305690] systemd[1]: Created slice system-serial\x2dgetty.slice.
[[0;32m  OK  [0m] Created slice system-serial\x2dgetty.slice.
[   17.331752] systemd[1]: Listening on LVM2 metadata daemon socket.
[[0;32m  OK  [0m] Listening on LVM2 metadata daemon socket.
[   17.448248] systemd[1]: Starting Monitoring of LVM2 mirrors, snapshots etc. using dmeventd or progress polling...
         Starting Monitoring of LVM2 mirrors... dmeventd or progress polling...
[   17.612457] systemd[1]: Mounted Huge Pages File System.
[[0;32m  OK  [0m] Mounted Huge Pages File System.
[   17.722821] systemd[1]: Mounted POSIX Message Queue File System.
[[0;32m  OK  [0m] Mounted POSIX Message Queue File System.
[   17.782569] systemd[1]: Mounted Debug File System.
[[0;32m  OK  [0m] Mounted Debug File System.
[   17.785400] systemd[1]: Started Journal Service.
[[0;32m  OK  [0m] Started Journal Service.
[[0;32m  OK  [0m] Started Uncomplicated firewall.
[[0;32m  OK  [0m] Started Load Kernel Modules.
[[0;32m  OK  [0m] Started Create list of required sta...ce nodes for the current kernel.
[[0;32m  OK  [0m] Started Set console keymap.
[[0;32m  OK  [0m] Started Remount Root and Kernel File Systems.
[[0;32m  OK  [0m] Started Nameserver information manager.
[[0;32m  OK  [0m] Started LVM2 metadata daemon.
         Starting Load/Save Random Seed...
         Starting Initial cloud-init job (pre-networking)...
         Starting udev Coldplug all Devices...
         Starting Create Static Device Nodes in /dev...
         Starting Apply Kernel Variables...
         Mounting FUSE Control File System...
         Starting Flush Journal to Persistent Storage...
[[0;32m  OK  [0m] Mounted FUSE Control File System.
[[0;32m  OK  [0m] Started Load/Save Random Seed.
[[0;32m  OK  [0m] Started Create Static Device Nodes in /dev.
[[0;32m  OK  [0m] Started Apply Kernel Variables.
[[0;32m  OK  [0m] Started udev Coldplug all Devices.
[[0;32m  OK  [0m] Started Flush Journal to Persistent Storage.
         Starting udev Kernel Device Manager...
[[0;32m  OK  [0m] Started udev Kernel Device Manager.
[[0;32m  OK  [0m] Started Dispatch Password Requests to Console Directory Watch.
[[0;32m  OK  [0m] Started Monitoring of LVM2 mirrors,...ng dmeventd or progress polling.
[[0;32m  OK  [0m] Reached target Local File Systems (Pre).
[[0;32m  OK  [0m] Reached target Local File Systems.
         Starting Create Volatile Files and Directories...
         Starting LSB: AppArmor initialization...
         Starting Tell Plymouth To Write Out Runtime Data...
         Starting Set console font and keymap...
[[0;32m  OK  [0m] Started Create Volatile Files and Directories.
[[0;32m  OK  [0m] Started Tell Plymouth To Write Out Runtime Data.
[[0;32m  OK  [0m] Found device /dev/ttyS0.
[[0;32m  OK  [0m] Reached target System Time Synchronized.
         Starting Update UTMP about System Boot/Shutdown...
[[0;32m  OK  [0m] Started LSB: AppArmor initialization.
[[0;32m  OK  [0m] Started Update UTMP about System Boot/Shutdown.
[[0;32m  OK  [0m] Started Set console font and keymap.
[[0;32m  OK  [0m] Created slice system-getty.slice.
[[0;32m  OK  [0m] Listening on Load/Save RF Kill Switch Status /dev/rfkill Watch.
[[0;32m  OK  [0m] Found device 82540EM Gigabit Ethern...r (PRO/1000 MT Desktop Adapter).
[   13.457418] cloud-init[441]: Cloud-init v. 0.7.8 running 'init-local' at Mon, 01 May 2017 14:50:46 +0000. Up 12.60 seconds.
[[0;32m  OK  [0m] Started Initial cloud-init job (pre-networking).
[[0;32m  OK  [0m] Reached target Network (Pre).
[[0;32m  OK  [0m] Started ifup for enp0s3.
         Starting Raise network interfaces...
[[0;32m  OK  [0m] Started Raise network interfaces.
[[0;32m  OK  [0m] Reached target Network.
         Starting Initial cloud-init job (metadata service crawler)...
[   16.388703] cloud-init[956]: Cloud-init v. 0.7.8 running 'init' at Mon, 01 May 2017 14:50:49 +0000. Up 16.10 seconds.
[   16.453196] [cloud-init[0;32m  OK  [0m[956]: ] ci-info: +++++++++++++++++++++++++++++++++++++Net device info+++++++++++++++++++++++++++++++++++++Started Initial cloud-init job (metadata service crawler).

[   16.454160] cloud-init[956]: ci-info: +--------+------+---------------------------+---------------+-------+-------------------+
[   16.616782] [cloud-init[0;32m  OK  [0m[956]: ] ci-info: | Device |  Up  |          Address          |      Mask     | Scope |     Hw-Address    |Reached target Cloud-config availability.

[[0;32m  OK  [0m] Reached target System Initialization.
         Starting Socket activation for snappy daemon.
[[0;32m  OK  [0m] Started Trigger resolvconf update for networkd DNS.
[   16.617333] cloud-init[956]: ci-info: +--------+------+---------------------------+---------------+-------+-------------------+
[[0;32m  OK  [0m] Started Timer to automatically refresh installed snaps.
[   16.876579] cloud-init[956]: ci-info: | enp0s3 | True |         10.0.2.15         | 255.255.255.0 |   .   | 02:ba:9d:25:04:86 |
[   16.988432] [cloud-init[0;32m  OK  [0m[956]: ] ci-info: | enp0s3 | True | fe80::ba:9dff:fe25:486/64 |       .       |  link | 02:ba:9d:25:04:86 |Started ACPI Events Check.

[   17.064736] [cloud-init[0;32m  OK  [0m[956]: ] ci-info: |   lo   | True |         127.0.0.1         |   255.0.0.0   |   .   |         .         |Reached target Paths.

[[0;32m  OK  [0m] Started Daily Cleanup of Temporary Directories.
[[0;32m  OK  [0m] Listening on ACPID Listen Socket.
[   17.065693] cloud-init[956]: ci-info: |   lo   | True |          ::1/128          |       .       |  host |         .         |
[   17.210581]          cloud-initStarting LXD - unix socket.[956]: 
ci-info: +--------+------+---------------------------+---------------+-------+-------------------+
[   17.302461] [cloud-init[0;32m  OK  [0m[956]: ] ci-info: +++++++++++++++++++++++++++Route IPv4 info++++++++++++++++++++++++++++Listening on UUID daemon activation socket.

[   17.302945] [cloud-init[0;32m  OK  [0m[956]: ] ci-info: +-------+-------------+----------+---------------+-----------+-------+Started Daily apt activities.

[[0;32m  OK  [0m] Reached target Timers.
[   17.397216] cloud-init[956]: ci-info: | Route | Destination | Gateway  |    Genmask    | Interface | Flags |
[[0;32m  OK  [0m] Listening on D-Bus System Message Bus Socket.
[[0;32m  OK  [0m] Reached target Network is Online.
[   17.465419] cloud-init[956]: ci-info: +-------+-------------+----------+---------------+-----------+-------+
         Starting iSCSI initiator daemon (iscsid)...
[   17.571899] cloud-init[956]: ci-info: |   0   |   0.0.0.0   | 10.0.2.2 |    0.0.0.0    |   enp0s3  |   UG  |
[   17.619657] [[0;32m  OK  [0m] Listening on Socket activation for snappy daemon.
cloud-init[956]: ci-info: |   1   |   10.0.2.0  | 0.0.0.0  | 255.255.255.0 |   enp0s3  |   U   |
[   17.668648] [cloud-init[0;32m  OK  [0m[956]: ] ci-info: +-------+-------------+----------+---------------+-----------+-------+Listening on LXD - unix socket.

[[0;32m  OK  [0m] Started iSCSI initiator daemon (iscsid).
         Starting Login to default iSCSI targets...
[[0;32m  OK  [0m] Reached target Sockets.
[[0;32m  OK  [0m] Reached target Basic System.
         Starting System Logging Service...
         Starting Accounts Service...
[[0;32m  OK  [0m] Started FUSE filesystem for LXC.
[[0;32m  OK  [0m] Started Regular background program processing daemon.
         Starting /etc/rc.local Compatibility...
         Starting Login Service...
[[0;32m  OK  [0m] Started ACPI event daemon.
         Starting LXD - container startup/shutdown...
         Starting OpenBSD Secure Shell server...
         Starting LSB: MD monitoring daemon...
[[0;32m  OK  [0m] Started Deferred execution scheduler.
         Starting Apply the settings specified in cloud-config...
[[0;32m  OK  [0m] Started D-Bus System Message Bus.
         Starting LSB: Record successful boot for GRUB...
[[0;32m  OK  [0m] Started Snappy daemon.
         Starting Auto import assertions from block devices...
[[0;32m  OK  [0m] Started System Logging Service.
[[0;32m  OK  [0m] Started OpenBSD Secure Shell server.
[[0;32m  OK  [0m] Started /etc/rc.local Compatibility.
[[0;32m  OK  [0m] Started LXD - container startup/shutdown.
[[0;32m  OK  [0m] Started Auto import assertions from block devices.
[[0;32m  OK  [0m] Started Login to default iSCSI targets.
[[0;32m  OK  [0m] Started LSB: MD monitoring daemon.
[   18.970173] cloud-init[1050]: Cloud-init v. 0.7.8 running 'modules:config' at Mon, 01 May 2017 14:50:52 +0000. Up 18.85 seconds.
[[0;32m  OK  [0m] Started LSB: Record successful boot for GRUB.
[[0;32m  OK  [0m] Started Apply the settings specified in cloud-config.
[[0;32m  OK  [0m] Started Login Service.
         Starting Authenticate and Authorize Users to Run Privileged Tasks...
[[0;32m  OK  [0m] Reached target Remote File Systems (Pre).
[[0;32m  OK  [0m] Reached target Remote File Systems.
         Starting LSB: Set the CPU Frequency Scaling governor to "ondemand"...
         Starting LSB: daemon to balance interrupts for SMP systems...
         Starting LSB: automatic crash report generation...
         Starting LSB: No Display Manager...
         Starting Permit User Sessions...
         Starting LSB: VirtualBox Linux Additions...
[[0;32m  OK  [0m] Started Permit User Sessions.
[[0;32m  OK  [0m] Started Authenticate and Authorize Users to Run Privileged Tasks.
[[0;32m  OK  [0m] Started Accounts Service.
[[0;32m  OK  [0m] Started LSB: Set the CPU Frequency Scaling governor to "ondemand".
[[0;32m  OK  [0m] Started LSB: daemon to balance interrupts for SMP systems.
[[0;32m  OK  [0m] Started LSB: automatic crash report generation.
[[0;32m  OK  [0m] Started LSB: No Display Manager.
         Starting Hold until boot process finishes up...
         Starting Terminate Plymouth Boot Screen...
[[0;32m  OK  [0m] Started LSB: VirtualBox Linux Additions.
[[0;32m  OK  [0m] Started Hold until boot process finishes up.
[[0;32m  OK  [0m] Started Terminate Plymouth Boot Screen.
[[0;32m  OK  [0m] Started Serial Getty on ttyS0.
         Starting Set console scheme...
[[0;32m  OK  [0m] Started Getty on tty1.
[[0;32m  OK  [0m] Reached target Login Prompts.
[[0;32m  OK  [0m] Reached target Multi-User System.
[[0;32m  OK  [0m] Reached target Graphical Interface.
         Starting Update UTMP about System Runlevel Changes...
         Starting Execute cloud user/final scripts...
[[0;32m  OK  [0m] Started Set console scheme.
[[0;32m  OK  [0m] Started Update UTMP about System Runlevel Changes.
[[0;32m  OK  [0m] Created slice User Slice of ubuntu.
         Starting User Manager for UID 1000...
[[0;32m  OK  [0m] Started Session c1 of user ubuntu.
[[0;32m  OK  [0m] Started User Manager for UID 1000.
[   20.500234] cloud-init[1205]: Cloud-init v. 0.7.8 running 'modules:final' at Mon, 01 May 2017 14:50:53 +0000. Up 20.38 seconds.
[   20.601950] cloud-init[1205]: Cloud-init v. 0.7.8 finished at Mon, 01 May 2017 14:50:54 +0000. Datasource DataSourceNoCloud [seed=/dev/sdb][dsmode=net].  Up 20.49 seconds
[[0;32m  OK  [0m] Started Execute cloud user/final scripts.
[[0;32m  OK  [0m] Reached target Cloud-init target.

Ubuntu 16.04.1 LTS ubuntu-xenial ttyS0

ubuntu-xenial login:                    Stopping LSB: MD monitoring daemon...
         Stopping LSB: VirtualBox Linux Additions...
         Stopping OpenBSD Secure Shell server...
         Stopping System Logging Service...
         Stopping Snappy daemon...
         Stopping LSB: automatic crash report generation...
         Stopping Regular background program processing daemon...
         Stopping LSB: No Display Manager...
         Stopping Accounts Service...
         Stopping LSB: Set the CPU Frequency Scaling governor to "ondemand"...
         Stopping LXD - container startup/shutdown...
         Stopping ACPI event daemon...
         Stopping User Manager for UID 1000...
[[0;32m  OK  [0m] Closed Load/Save RF Kill Switch Status /dev/rfkill Watch.
[[0;32m  OK  [0m] Stopped target Timers.
[[0;32m  OK  [0m] Stopped Daily Cleanup of Temporary Directories.
[[0;32m  OK  [0m] Stopped Daily apt activities.
[[0;32m  OK  [0m] Stopped Timer to automatically refresh installed snaps.
[[0;32m  OK  [0m] Stopped target System Time Synchronized.
[[0;32m  OK  [0m] Unmounted /var/lib/lxcfs.
[[0;32m  OK  [0m] Stopped System Logging Service.
[[0;32m  OK  [0m] Stopped Accounts Service.
[[0;32m  OK  [0m] Stopped Regular background program processing daemon.
[[0;32m  OK  [0m] Stopped ACPI event daemon.
[[0;32m  OK  [0m] Stopped OpenBSD Secure Shell server.
[[0;32m  OK  [0m] Stopped Deferred execution scheduler.
[[0;32m  OK  [0m] Stopped Snappy daemon.
[[0;32m  OK  [0m] Stopped Authenticate and Authorize Users to Run Privileged Tasks.
[[0;32m  OK  [0m] Stopped Serial Getty on ttyS0.
[[0;32m  OK  [0m] Stopped Getty on tty1.
[[0;32m  OK  [0m] Stopped User Manager for UID 1000.
[[0;32m  OK  [0m] Stopped Session 2 of user ubuntu.
[[0;32m  OK  [0m] Stopped D-Bus System Message Bus.
[[0;32m  OK  [0m] Stopped Session c1 of user ubuntu.
[[0;32m  OK  [0m] Stopped FUSE filesystem for LXC.
[[0;32m  OK  [0m] Stopped LSB: MD monitoring daemon.
[[0;32m  OK  [0m] Stopped LSB: daemon to balance interrupts for SMP systems.
[[0;32m  OK  [0m] Stopped LSB: VirtualBox Linux Additions.
[[0;32m  OK  [0m] Stopped LSB: Record successful boot for GRUB.
[[0;32m  OK  [0m] Stopped LSB: automatic crash report generation.
[[0;32m  OK  [0m] Stopped LSB: No Display Manager.
[[0;32m  OK  [0m] Stopped LSB: Set the CPU Frequency Scaling governor to "ondemand".
[[0;32m  OK  [0m] Stopped LXD - container startup/shutdown.
[[0;32m  OK  [0m] Removed slice system-getty.slice.
[[0;32m  OK  [0m] Removed slice system-serial\x2dgetty.slice.
[[0;32m  OK  [0m] Stopped /etc/rc.local Compatibility.
[[0;32m  OK  [0m] Stopped Session 3 of user ubuntu.
[[0;32m  OK  [0m] Removed slice User Slice of ubuntu.
         Stopping Login Service...
         Stopping Permit User Sessions...
[[0;32m  OK  [0m] Stopped Login Service.
[[0;32m  OK  [0m] Stopped Permit User Sessions.
[[0;32m  OK  [0m] Stopped target Remote File Systems.
[[0;32m  OK  [0m] Stopped target Remote File Systems (Pre).
         Stopping Login to default iSCSI targets...
[[0;32m  OK  [0m] Stopped target User and Group Name Lookups.
[[0;32m  OK  [0m] Stopped target Basic System.
[[0;32m  OK  [0m] Stopped target Sockets.
[[0;32m  OK  [0m] Closed Socket activation for snappy daemon.
[[0;32m  OK  [0m] Closed ACPID Listen Socket.
[[0;32m  OK  [0m] Closed LXD - unix socket.
[[0;32m  OK  [0m] Closed Syslog Socket.
[[0;32m  OK  [0m] Closed UUID daemon activation socket.
[[0;32m  OK  [0m] Closed D-Bus System Message Bus Socket.
[[0;32m  OK  [0m] Stopped target Paths.
[[0;32m  OK  [0m] Stopped ACPI Events Check.
[[0;32m  OK  [0m] Stopped Forward Password Requests to Wall Directory Watch.
[[0;32m  OK  [0m] Stopped Trigger resolvconf update for networkd DNS.
[[0;32m  OK  [0m] Stopped target System Initialization.
[[0;32m  OK  [0m] Stopped target Encrypted Volumes.
[[0;32m  OK  [0m] Stopped target Swap.
[[0;32m  OK  [0m] Stopped Create Volatile Files and Directories.
         Stopping Load/Save Random Seed...
[[0;32m  OK  [0m] Stopped Dispatch Password Requests to Console Directory Watch.
[[0;32m  OK  [0m] Stopped target Slices.
[[0;32m  OK  [0m] Removed slice User and Session Slice.
[[0;32m  OK  [0m] Stopped Load/Save Random Seed.
[[0;32m  OK  [0m] Stopped Login to default iSCSI targets.
         Stopping iSCSI initiator daemon (iscsid)...
[[0;32m  OK  [0m] Stopped iSCSI initiator daemon (iscsid).
[[0;32m  OK  [0m] Stopped target Network is Online.
[[0;32m  OK  [0m] Stopped target Network.
[[0;32m  OK  [0m] Stopped Initial cloud-init job (metadata service crawler).
         Stopping Raise network interfaces...
[[0;32m  OK  [0m] Stopped Raise network interfaces.
[[0;32m  OK  [0m] Stopped target Local File Systems.
         Unmounting /vagrant...
         Starting Unattended Upgrades Shutdown...
         Unmounting /run/user/1000...
[[0;32m  OK  [0m] Stopped Apply Kernel Variables.
[[0;32m  OK  [0m] Stopped Load Kernel Modules.
[[0;32m  OK  [0m] Stopped target Network (Pre).
[[0;32m  OK  [0m] Stopped Initial cloud-init job (pre-networking).
[[0;32m  OK  [0m] Unmounted /vagrant.
[[0;32m  OK  [0m] Started Unattended Upgrades Shutdown.
[[0;32m  OK  [0m] Unmounted /run/user/1000.
[[0;32m  OK  [0m] Reached target Unmount All Filesystems.
[[0;32m  OK  [0m] Stopped target Local File Systems (Pre).
[[0;32m  OK  [0m] Stopped Create Static Device Nodes in /dev.
[[0;32m  OK  [0m] Stopped Remount Root and Kernel File Systems.
[[0;32m  OK  [0m] Reached target Shutdown.
[ 1289.357179] reboot: Power down