[    0.000000] Initializing cgroup subsys cpuset
[    0.000000] Initializing cgroup subsys cpu
[    0.000000] Initializing cgroup subsys cpuacct
[    0.000000] Linux version 4.4.0-59-generic (buildd@lgw01-37) (gcc version 5.4.0 20160609 (Ubuntu 5.4.0-6ubuntu1~16.04.4) ) #80-Ubuntu SMP Fri Jan 6 17:36:54 UTC 2017 (Ubuntu 4.4.0-59.80-generic 4.4.35)
[    0.000000] KERNEL supported cpus:
[    0.000000]   Intel GenuineIntel
[    0.000000]   AMD AuthenticAMD
[    0.000000]   NSC Geode by NSC
[    0.000000]   Cyrix CyrixInstead
[    0.000000]   Centaur CentaurHauls
[    0.000000]   Transmeta GenuineTMx86
[    0.000000]   Transmeta TransmetaCPU
[    0.000000]   UMC UMC UMC UMC
[    0.000000] x86/fpu: xstate_offset[2]:  576, xstate_sizes[2]:  256
[    0.000000] x86/fpu: Supporting XSAVE feature 0x01: 'x87 floating point registers'
[    0.000000] x86/fpu: Supporting XSAVE feature 0x02: 'SSE registers'
[    0.000000] x86/fpu: Supporting XSAVE feature 0x04: 'AVX registers'
[    0.000000] x86/fpu: Enabled xstate features 0x7, context size is 832 bytes, using 'standard' format.
[    0.000000] x86/fpu: Using 'lazy' FPU context switches.
[    0.000000] e820: BIOS-provided physical RAM map:
[    0.000000] BIOS-e820: [mem 0x0000000000000000-0x000000000009fbff] usable
[    0.000000] BIOS-e820: [mem 0x000000000009fc00-0x000000000009ffff] reserved
[    0.000000] BIOS-e820: [mem 0x00000000000f0000-0x00000000000fffff] reserved
[    0.000000] BIOS-e820: [mem 0x0000000000100000-0x000000003ffeffff] usable
[    0.000000] BIOS-e820: [mem 0x000000003fff0000-0x000000003fffffff] ACPI data
[    0.000000] BIOS-e820: [mem 0x00000000fec00000-0x00000000fec00fff] reserved
[    0.000000] BIOS-e820: [mem 0x00000000fee00000-0x00000000fee00fff] reserved
[    0.000000] BIOS-e820: [mem 0x00000000fffc0000-0x00000000ffffffff] reserved
[    0.000000] NX (Execute Disable) protection: active
[    0.000000] SMBIOS 2.5 present.
[    0.000000] Hypervisor detected: KVM
[    0.000000] e820: last_pfn = 0x3fff0 max_arch_pfn = 0x1000000
[    0.000000] MTRR: Disabled
[    0.000000] x86/PAT: MTRRs disabled, skipping PAT initialization too.
[    0.000000] x86/PAT: Configuration [0-7]: WB  WT  UC- UC  WB  WT  UC- UC  
[    0.000000] CPU MTRRs all blank - virtualized system.
[    0.000000] found SMP MP-table at [mem 0x0009fff0-0x0009ffff] mapped at [c009fff0]
[    0.000000] Scanning 1 areas for low memory corruption
[    0.000000] RAMDISK: [mem 0x36b6a000-0x375acfff]
[    0.000000] ACPI: Early table checksum verification disabled
[    0.000000] ACPI: RSDP 0x00000000000E0000 000024 (v02 VBOX  )
[    0.000000] ACPI: XSDT 0x000000003FFF0030 00003C (v01 VBOX   VBOXXSDT 00000001 ASL  00000061)
[    0.000000] ACPI: FACP 0x000000003FFF00F0 0000F4 (v04 VBOX   VBOXFACP 00000001 ASL  00000061)
[    0.000000] ACPI: DSDT 0x000000003FFF0470 00210F (v01 VBOX   VBOXBIOS 00000002 INTL 20100528)
[    0.000000] ACPI: FACS 0x000000003FFF0200 000040
[    0.000000] ACPI: FACS 0x000000003FFF0200 000040
[    0.000000] ACPI: APIC 0x000000003FFF0240 00005C (v02 VBOX   VBOXAPIC 00000001 ASL  00000061)
[    0.000000] ACPI: SSDT 0x000000003FFF02A0 0001CC (v01 VBOX   VBOXCPUT 00000002 INTL 20100528)
[    0.000000] 131MB HIGHMEM available.
[    0.000000] 891MB LOWMEM available.
[    0.000000]   mapped low ram: 0 - 37bfe000
[    0.000000]   low ram: 0 - 37bfe000
[    0.000000] kvm-clock: Using msrs 4b564d01 and 4b564d00
[    0.000000] kvm-clock: cpu 0, msr 0:37bfd001, primary cpu clock
[    0.000000] kvm-clock: using sched offset of 3197198338 cycles
[    0.000000] clocksource: kvm-clock: mask: 0xffffffffffffffff max_cycles: 0x1cd42e4dffb, max_idle_ns: 881590591483 ns
[    0.000000] Zone ranges:
[    0.000000]   DMA      [mem 0x0000000000001000-0x0000000000ffffff]
[    0.000000]   Normal   [mem 0x0000000001000000-0x0000000037bfdfff]
[    0.000000]   HighMem  [mem 0x0000000037bfe000-0x000000003ffeffff]
[    0.000000] Movable zone start for each node
[    0.000000] Early memory node ranges
[    0.000000]   node   0: [mem 0x0000000000001000-0x000000000009efff]
[    0.000000]   node   0: [mem 0x0000000000100000-0x000000003ffeffff]
[    0.000000] Initmem setup node 0 [mem 0x0000000000001000-0x000000003ffeffff]
[    0.000000] Using APIC driver default
[    0.000000] ACPI: PM-Timer IO Port: 0x4008
[    0.000000] IOAPIC[0]: apic_id 2, version 32, address 0xfec00000, GSI 0-23
[    0.000000] ACPI: INT_SRC_OVR (bus 0 bus_irq 0 global_irq 2 dfl dfl)
[    0.000000] ACPI: INT_SRC_OVR (bus 0 bus_irq 9 global_irq 9 high level)
[    0.000000] Using ACPI (MADT) for SMP configuration information
[    0.000000] smpboot: Allowing 2 CPUs, 0 hotplug CPUs
[    0.000000] PM: Registered nosave memory: [mem 0x00000000-0x00000fff]
[    0.000000] PM: Registered nosave memory: [mem 0x0009f000-0x0009ffff]
[    0.000000] PM: Registered nosave memory: [mem 0x000a0000-0x000effff]
[    0.000000] PM: Registered nosave memory: [mem 0x000f0000-0x000fffff]
[    0.000000] e820: [mem 0x40000000-0xfebfffff] available for PCI devices
[    0.000000] Booting paravirtualized kernel on KVM
[    0.000000] clocksource: refined-jiffies: mask: 0xffffffff max_cycles: 0xffffffff, max_idle_ns: 7645519600211568 ns
[    0.000000] setup_percpu: NR_CPUS:8 nr_cpumask_bits:8 nr_cpu_ids:2 nr_node_ids:1
[    0.000000] PERCPU: Embedded 19 pages/cpu @f76b0000 s47436 r0 d30388 u77824
[    0.000000] PV qspinlock hash table entries: 512 (order: 0, 4096 bytes)
[    0.000000] Built 1 zonelists in Zone order, mobility grouping on.  Total pages: 259800
[    0.000000] Kernel command line: BOOT_IMAGE=/boot/vmlinuz-4.4.0-59-generic root=LABEL=cloudimg-rootfs ro console=tty1 console=ttyS0
[    0.000000] PID hash table entries: 4096 (order: 2, 16384 bytes)
[    0.000000] Dentry cache hash table entries: 131072 (order: 7, 524288 bytes)
[    0.000000] Inode-cache hash table entries: 65536 (order: 6, 262144 bytes)
[    0.000000] Initializing CPU#0
[    0.000000] Initializing HighMem for node 0 (00037bfe:0003fff0)
[    0.000000] Initializing Movable for node 0 (00000000:00000000)
[    0.000000] Memory: 1012488K/1048120K available (7914K kernel code, 765K rwdata, 3148K rodata, 944K init, 800K bss, 35632K reserved, 0K cma-reserved, 135112K highmem)
[    0.000000] virtual kernel memory layout:
[    0.000000]     fixmap  : 0xfff15000 - 0xfffff000   ( 936 kB)
[    0.000000]     pkmap   : 0xffc00000 - 0xffe00000   (2048 kB)
[    0.000000]     vmalloc : 0xf83fe000 - 0xffbfe000   ( 120 MB)
[    0.000000]     lowmem  : 0xc0000000 - 0xf7bfe000   ( 891 MB)
[    0.000000]       .init : 0xc1b91000 - 0xc1c7d000   ( 944 kB)
[    0.000000]       .data : 0xc17bacfb - 0xc1b8f400   (3921 kB)
[    0.000000]       .text : 0xc1000000 - 0xc17bacfb   (7915 kB)
[    0.000000] Checking if this processor honours the WP bit even in supervisor mode...Ok.
[    0.000000] SLUB: HWalign=64, Order=0-3, MinObjects=0, CPUs=2, Nodes=1
[    0.000000] Hierarchical RCU implementation.
[    0.000000] 	Build-time adjustment of leaf fanout to 32.
[    0.000000] 	RCU restricting CPUs from NR_CPUS=8 to nr_cpu_ids=2.
[    0.000000] RCU: Adjusting geometry for rcu_fanout_leaf=32, nr_cpu_ids=2
[    0.000000] NR_IRQS:2304 nr_irqs:440 16
[    0.000000] Console: colour VGA+ 80x25
[    0.000000] console [tty1] enabled
[    0.000000] console [ttyS0] enabled
[    0.000000] allocated 1048576 bytes of page_ext
[    0.000000] tsc: Detected 2900.000 MHz processor
[    4.200909] Calibrating delay loop (skipped) preset value.. 5800.00 BogoMIPS (lpj=11600000)
[    4.202699] pid_max: default: 32768 minimum: 301
[    4.203664] ACPI: Core revision 20150930
[    4.205337] ACPI: 2 ACPI AML tables successfully acquired and loaded
[    4.296889] Security Framework initialized
[    4.340257] Yama: becoming mindful.
[    4.390530] AppArmor: AppArmor initialized
[    4.432863] Mount-cache hash table entries: 2048 (order: 1, 8192 bytes)
[    4.473050] Mountpoint-cache hash table entries: 2048 (order: 1, 8192 bytes)
[    4.475803] Initializing cgroup subsys io
[    4.512524] Initializing cgroup subsys memory
[    4.540907] Initializing cgroup subsys devices
[    4.615197] Initializing cgroup subsys freezer
[    4.649603] Initializing cgroup subsys net_cls
[    4.650623] Initializing cgroup subsys perf_event
[    4.712788] Initializing cgroup subsys net_prio
[    4.770865] Initializing cgroup subsys hugetlb
[    4.823672] Initializing cgroup subsys pids
[    4.879482] CPU: Physical Processor ID: 0
[    4.933839] CPU: Processor Core ID: 0
[    4.970115] mce: CPU supports 0 MCE banks
[    5.008981] Last level iTLB entries: 4KB 64, 2MB 8, 4MB 8
[    5.010075] Last level dTLB entries: 4KB 64, 2MB 0, 4MB 0, 1GB 4
[    5.013791] Freeing SMP alternatives memory: 28K (c1c7d000 - c1c84000)
[    5.037100] ftrace: allocating 31349 entries in 62 pages
[    5.116653] smpboot: APIC(0) Converting physical 0 to logical package 0
[    5.200533] smpboot: Max logical packages: 1
[    5.256528] Enabling APIC mode:  Flat.  Using 1 I/O APICs
[    5.309391] ..TIMER: vector=0x30 apic1=0 pin1=2 apic2=-1 pin2=-1
[    5.488146] smpboot: CPU0: Intel(R) Core(TM) i5-5287U CPU @ 2.90GHz (family: 0x6, model: 0x3d, stepping: 0x4)
[    5.624263] Performance Events: unsupported p6 CPU model 61 no PMU driver, software events only.
[    5.696756] KVM setup paravirtual spinlock
[    5.737093] x86: Booting SMP configuration:
[    5.774735] .... node  #0, CPUs:      #1
[1266874886.512353] Initializing CPU#1
[    5.809065] kvm-clock: cpu 1, msr 0:37bfd041, secondary cpu clock
[    5.811793] mce: CPU supports 0 MCE banks
[    5.820213] x86: Booted up 1 node, 2 CPUs
[    5.840493] smpboot: Total of 2 processors activated (11600.00 BogoMIPS)
[    5.884884] devtmpfs: initialized
[    5.924176] evm: security.selinux
[    5.952641] evm: security.SMACK64
[    5.995419] evm: security.SMACK64EXEC
[    6.035455] evm: security.SMACK64TRANSMUTE
[    6.058329] evm: security.SMACK64MMAP
[    6.096339] evm: security.ima
[    6.121622] evm: security.capability
[    6.152767] clocksource: jiffies: mask: 0xffffffff max_cycles: 0xffffffff, max_idle_ns: 7645041785100000 ns
[    6.211639] pinctrl core: initialized pinctrl subsystem
[    6.267280] RTC time:  1:45:28, date: 01/28/17
[    6.323298] NET: Registered protocol family 16
[    6.360273] EISA bus registered
[    6.404732] cpuidle: using governor ladder
[    6.468560] cpuidle: using governor menu
[    6.514513] PCCT header not found.
[    6.553661] ACPI: bus type PCI registered
[    6.608384] acpiphp: ACPI Hot Plug PCI Controller Driver version: 0.5
[    6.658206] PCI : PCI BIOS area is rw and x. Use pci=nobios if you want it NX.
[    6.693208] PCI: PCI BIOS revision 2.10 entry at 0xfda26, last bus=0
[    6.744545] PCI: Using configuration type 1 for base access
[    6.813526] ACPI: Added _OSI(Module Device)
[    6.861838] ACPI: Added _OSI(Processor Device)
[    6.896672] ACPI: Added _OSI(3.0 _SCP Extensions)
[    6.938759] ACPI: Added _OSI(Processor Aggregator Device)
[    6.978399] ACPI: Executed 1 blocks of module-level executable AML code
[    7.031624] ACPI: Interpreter enabled
[    7.043280] ACPI: (supports S0 S5)
[    7.081075] ACPI: Using IOAPIC for interrupt routing
[    7.083334] PCI: Using host bridge windows from ACPI; if necessary, use "pci=nocrs" and report a bug
[    7.100098] ACPI: PCI Root Bridge [PCI0] (domain 0000 [bus 00-ff])
[    7.152819] acpi PNP0A03:00: _OSC: OS supports [ASPM ClockPM Segments MSI]
[    7.194357] acpi PNP0A03:00: _OSC failed (AE_NOT_FOUND); disabling ASPM
[    7.256854] acpi PNP0A03:00: fail to add MMCONFIG information, can't access extended PCI configuration space under this bridge.
[    7.332963] PCI host bridge to bus 0000:00
[    7.354060] pci_bus 0000:00: root bus resource [io  0x0000-0x0cf7 window]
[    7.355438] pci_bus 0000:00: root bus resource [io  0x0d00-0xffff window]
[    7.358011] pci_bus 0000:00: root bus resource [mem 0x000a0000-0x000bffff window]
[    7.364351] pci_bus 0000:00: root bus resource [mem 0x40000000-0xffdfffff window]
[    7.433974] pci_bus 0000:00: root bus resource [bus 00-ff]
[    7.504366] pci 0000:00:01.1: legacy IDE quirk: reg 0x10: [io  0x01f0-0x01f7]
[    7.577014] pci 0000:00:01.1: legacy IDE quirk: reg 0x14: [io  0x03f6]
[    7.649035] pci 0000:00:01.1: legacy IDE quirk: reg 0x18: [io  0x0170-0x0177]
[    7.722192] pci 0000:00:01.1: legacy IDE quirk: reg 0x1c: [io  0x0376]
[    7.759639] pci 0000:00:07.0: quirk: [io  0x4000-0x403f] claimed by PIIX4 ACPI
[    7.823077] pci 0000:00:07.0: quirk: [io  0x4100-0x410f] claimed by PIIX4 SMB
[    7.890469] ACPI: PCI Interrupt Link [LNKA] (IRQs 5 9 10 *11)
[    7.971655] ACPI: PCI Interrupt Link [LNKB] (IRQs 5 9 10 *11)
[    8.043403] ACPI: PCI Interrupt Link [LNKC] (IRQs 5 9 *10 11)
[    8.109760] ACPI: PCI Interrupt Link [LNKD] (IRQs 5 *9 10 11)
[    8.144527] ACPI: Enabled 2 GPEs in block 00 to 07
[    8.189110] vgaarb: setting as boot device: PCI:0000:00:02.0
[    8.236978] vgaarb: device added: PCI:0000:00:02.0,decodes=io+mem,owns=io+mem,locks=none
[    8.320996] vgaarb: loaded
[    8.360274] vgaarb: bridge control possible 0000:00:02.0
[    8.393087] SCSI subsystem initialized
[    8.416865] ACPI: bus type USB registered
[    8.440698] usbcore: registered new interface driver usbfs
[    8.518473] usbcore: registered new interface driver hub
[    8.519598] usbcore: registered new device driver usb
[    8.536188] PCI: Using ACPI for IRQ routing
[    8.575428] NetLabel: Initializing
[    8.602260] NetLabel:  domain hash size = 128
[    8.650345] NetLabel:  protocols = UNLABELED CIPSOv4
[    8.697944] NetLabel:  unlabeled traffic allowed by default
[    8.723660] amd_nb: Cannot enumerate AMD northbridges
[    8.769383] clocksource: Switched to clocksource kvm-clock
[    8.850048] AppArmor: AppArmor Filesystem Enabled
[    8.931461] pnp: PnP ACPI init
[    8.938201] pnp: PnP ACPI: found 3 devices
[    8.974086] PnPBIOS: Disabled by ACPI PNP
[    9.075339] clocksource: acpi_pm: mask: 0xffffff max_cycles: 0xffffff, max_idle_ns: 2085701024 ns
[    9.178043] NET: Registered protocol family 2
[    9.184560] TCP established hash table entries: 8192 (order: 3, 32768 bytes)
[    9.249560] TCP bind hash table entries: 8192 (order: 4, 65536 bytes)
[    9.394544] TCP: Hash tables configured (established 8192 bind 8192)
[    9.513452] UDP hash table entries: 512 (order: 2, 16384 bytes)
[    9.549675] UDP-Lite hash table entries: 512 (order: 2, 16384 bytes)
[    9.550940] NET: Registered protocol family 1
[    9.551861] pci 0000:00:00.0: Limiting direct PCI/PCI transfers
[    9.553028] pci 0000:00:01.0: Activating ISA DMA hang workarounds
[    9.627342] Trying to unpack rootfs image as initramfs...
[   11.842197] Freeing initrd memory: 10508K (f6b6a000 - f75ad000)
[   11.872989] RAPL PMU detected, API unit is 2^-32 Joules, 4 fixed counters 10737418240 ms ovfl timer
[   11.947461] hw unit of domain pp0-core 2^-0 Joules
[   11.948556] hw unit of domain package 2^-0 Joules
[   11.949515] hw unit of domain dram 2^-0 Joules
[   11.956154] hw unit of domain pp1-gpu 2^-0 Joules
[   11.957232] platform rtc_cmos: registered platform RTC device (no PNP device found)
[   12.009501] Scanning for low memory corruption every 60 seconds
[   12.011079] futex hash table entries: 512 (order: 3, 32768 bytes)
[   12.012332] audit: initializing netlink subsys (disabled)
[   12.013418] audit: type=2000 audit(1485567930.536:1): initialized
[   12.016066] Initialise system trusted keyring
[   12.017219] HugeTLB registered 2 MB page size, pre-allocated 0 pages
[   12.020494] zbud: loaded
[   12.021160] VFS: Disk quotas dquot_6.6.0
[   12.021975] VFS: Dquot-cache hash table entries: 1024 (order 0, 4096 bytes)
[   12.023173] squashfs: version 4.0 (2009/01/31) Phillip Lougher
[   12.024348] fuse init (API version 7.23)
[   12.031225] Key type big_key registered
[   12.049693] Allocating IMA MOK and blacklist keyrings.
[   12.068303] Key type asymmetric registered
[   12.070194] Asymmetric key parser 'x509' registered
[   12.071050] bounce: pool size: 64 pages
[   12.071787] Block layer SCSI generic (bsg) driver version 0.4 loaded (major 249)
[   12.074301] io scheduler noop registered
[   12.095066] io scheduler deadline registered (default)
[   12.119420] io scheduler cfq registered
[   12.153590] pci_hotplug: PCI Hot Plug PCI Core version: 0.5
[   12.231670] pciehp: PCI Express Hot Plug Controller Driver version: 0.4
[   12.294904] ACPI: AC Adapter [AC] (on-line)
[   12.334088] input: Power Button as /devices/LNXSYSTM:00/LNXPWRBN:00/input/input0
[   12.443311] ACPI: Power Button [PWRF]
[   12.445298] input: Sleep Button as /devices/LNXSYSTM:00/LNXSLPBN:00/input/input1
[   12.461829] ACPI: Sleep Button [SLPF]
[   12.480836] GHES: HEST is not enabled!
[   12.481940] ACPI: Battery Slot [BAT0] (battery present)
[   12.500037] isapnp: Scanning for PnP cards...
[   12.524905] Serial: 8250/16550 driver, 32 ports, IRQ sharing enabled
[   12.561099] 00:02: ttyS0 at I/O 0x3f8 (irq = 4, base_baud = 115200) is a 16550A
[   12.588774] Linux agpgart interface v0.103
[   12.594840] brd: module loaded
[   12.601778] loop: module loaded
[   12.611586] scsi host0: ata_piix
[   12.613298] scsi host1: ata_piix
[   12.615300] ata1: PATA max UDMA/33 cmd 0x1f0 ctl 0x3f6 bmdma 0xd000 irq 14
[   12.618812] ata2: PATA max UDMA/33 cmd 0x170 ctl 0x376 bmdma 0xd008 irq 15
[   12.634870] libphy: Fixed MDIO Bus: probed
[   12.638764] tun: Universal TUN/TAP device driver, 1.6
[   12.645962] tun: (C) 1999-2004 Max Krasnyansky <maxk@qualcomm.com>
[   12.666028] PPP generic driver version 2.4.2
[   12.678076] ehci_hcd: USB 2.0 'Enhanced' Host Controller (EHCI) Driver
[   12.692527] ehci-pci: EHCI PCI platform driver
[   12.701971] ehci-platform: EHCI generic platform driver
[   12.723420] ohci_hcd: USB 1.1 'Open' Host Controller (OHCI) Driver
[   12.741289] ohci-pci: OHCI PCI platform driver
[   12.746280] ohci-platform: OHCI generic platform driver
[   12.747625] uhci_hcd: USB Universal Host Controller Interface driver
[   12.756184] i8042: PNP: PS/2 Controller [PNP0303:PS2K,PNP0f03:PS2M] at 0x60,0x64 irq 1,12
[   12.767158] serio: i8042 KBD port at 0x60,0x64 irq 1
[   12.770935] serio: i8042 AUX port at 0x60,0x64 irq 12
[   12.778188] mousedev: PS/2 mouse device common for all mice
[   12.780011] rtc_cmos rtc_cmos: rtc core: registered rtc_cmos as rtc0
[   12.782216] rtc_cmos rtc_cmos: alarms up to one day, 114 bytes nvram
[   12.799603] input: AT Translated Set 2 keyboard as /devices/platform/i8042/serio0/input/input2
[   12.803154] i2c /dev entries driver
[   12.804255] device-mapper: uevent: version 1.0.3
[   12.805517] device-mapper: ioctl: 4.34.0-ioctl (2015-10-28) initialised: dm-devel@redhat.com
[   12.807768] platform eisa.0: Probing EISA bus 0
[   12.809108] platform eisa.0: EISA: Cannot allocate resource for mainboard
[   12.810791] platform eisa.0: Cannot allocate resource for EISA slot 1
[   12.812333] platform eisa.0: Cannot allocate resource for EISA slot 2
[   12.813850] platform eisa.0: Cannot allocate resource for EISA slot 3
[   12.818795] platform eisa.0: Cannot allocate resource for EISA slot 4
[   12.820785] platform eisa.0: Cannot allocate resource for EISA slot 5
[   12.824645] platform eisa.0: Cannot allocate resource for EISA slot 6
[   12.827937] platform eisa.0: Cannot allocate resource for EISA slot 7
[   12.831455] platform eisa.0: Cannot allocate resource for EISA slot 8
[   12.832933] platform eisa.0: EISA: Detected 0 cards
[   12.834211] cpufreq-nforce2: No nForce2 chipset.
[   12.835491] ledtrig-cpu: registered to indicate activity on CPUs
[   12.844063] NET: Registered protocol family 10
[   12.845781] NET: Registered protocol family 17
[   12.847308] Key type dns_resolver registered
[   12.848298] microcode: CPU0 sig=0x306d4, pf=0x40, revision=0x0
[   12.857875] microcode: CPU1 sig=0x306d4, pf=0x40, revision=0x0
[   12.862309] microcode: Microcode Update Driver: v2.01 <tigran@aivazian.fsnet.co.uk>, Peter Oruba
[   12.872334] Using IPI No-Shortcut mode
[   12.873115] registered taskstats version 1
[   12.883236] Loading compiled-in X.509 certificates
[   12.891687] Loaded X.509 cert 'Build time autogenerated kernel key: 5abddad4aa185bb4ac78f1f130c188cbdfc4c5fc'
[   12.913824] isapnp: No Plug & Play device found
[   12.963059] tsc: Refined TSC clocksource calibration: 2898.980 MHz
[   12.964338] clocksource: tsc: mask: 0xffffffffffffffff max_cycles: 0x29c97f8914c, max_idle_ns: 440795205210 ns
[   12.966787] zswap: loaded using pool lzo/zbud
[   12.972278] Key type trusted registered
[   12.977469] Key type encrypted registered
[   12.984057] AppArmor: AppArmor sha1 policy hashing enabled
[   12.991982] ima: No TPM chip found, activating TPM-bypass!
[   12.994574] evm: HMAC attrs: 0x1
[   12.995591]   Magic number: 1:412:762
[   12.996424] atkbd serio0: hash matches
[   12.997339] rtc_cmos rtc_cmos: setting system clock to 2017-01-28 01:45:35 UTC (1485567935)
[   13.000913] BIOS EDD facility v0.16 2004-Jun-25, 0 devices found
[   13.002175] EDD information not available.
[   13.010508] Freeing unused kernel memory: 944K (c1b91000 - c1c7d000)
[   13.020958] Write protecting the kernel text: 7916k
[   13.022077] Write protecting the kernel read-only data: 3156k
[   13.023256] NX-protecting the kernel data: 6420k
Loading, please wait...
starting version[   13.040786] random: systemd-udevd: uninitialized urandom read (16 bytes read, 0 bits of entropy available)
 229
[   13.041572] random: udevadm: uninitialized urandom read (16 bytes read, 0 bits of entropy available)
[   13.041609] random: udevadm: uninitialized urandom read (16 bytes read, 0 bits of entropy available)
[   13.041724] random: udevadm: uninitialized urandom read (16 bytes read, 0 bits of entropy available)
[   13.041764] random: udevadm: uninitialized urandom read (16 bytes read, 0 bits of entropy available)
[   13.041801] random: udevadm: uninitialized urandom read (16 bytes read, 0 bits of entropy available)
[   13.041842] random: udevadm: uninitialized urandom read (16 bytes read, 0 bits of entropy available)
[   13.041879] random: udevadm: uninitialized urandom read (16 bytes read, 0 bits of entropy available)
[   13.041916] random: udevadm: uninitialized urandom read (16 bytes read, 0 bits of entropy available)
[   13.041956] random: udevadm: uninitialized urandom read (16 bytes read, 0 bits of entropy available)
[   13.105352] e1000: Intel(R) PRO/1000 Network Driver - version 7.3.21-k8-NAPI
[   13.128523] e1000: Copyright (c) 1999-2006 Intel Corporation.
[   13.144918] Fusion MPT base driver 3.04.20
[   13.153148] Copyright (c) 1999-2008 LSI Corporation
[   13.180540] Fusion MPT SPI Host driver 3.04.20
[   13.349120] input: ImExPS/2 Generic Explorer Mouse as /devices/platform/i8042/serio1/input/input4
[   13.594523] e1000 0000:00:03.0 eth0: (PCI:33MHz:32-bit) 02:ba:9d:25:04:86
[   13.608567] e1000 0000:00:03.0 eth0: Intel(R) PRO/1000 Network Connection
[   13.612761] e1000 0000:00:03.0 enp0s3: renamed from eth0
[   13.652925] mptbase: ioc0: Initiating bringup
[   13.746034] ioc0: LSI53C1030 A0: Capabilities={Initiator}
[   13.960879] scsi host2: ioc0: LSI53C1030 A0, FwRev=00000000h, Ports=1, MaxQ=256, IRQ=20
[   14.077887] scsi 2:0:0:0: Direct-Access     VBOX     HARDDISK         1.0  PQ: 0 ANSI: 5
[   14.136039] scsi target2:0:0: Beginning Domain Validation
[   14.176821] scsi target2:0:0: Domain Validation skipping write tests
[   14.212955] scsi target2:0:0: Ending Domain Validation
[   14.243970] scsi target2:0:0: asynchronous
[   14.286968] scsi 2:0:1:0: Direct-Access     VBOX     HARDDISK         1.0  PQ: 0 ANSI: 5
[   14.340776] scsi target2:0:1: Beginning Domain Validation
[   14.467296] scsi target2:0:1: Domain Validation skipping write tests
[   14.562250] scsi target2:0:1: Ending Domain Validation
[   14.589696] scsi target2:0:1: asynchronous
[   14.655519] sd 2:0:0:0: Attached scsi generic sg0 type 0
[   14.681441] sd 2:0:0:0: [sda] 20971520 512-byte logical blocks: (10.7 GB/10.0 GiB)
[   14.684531] sd 2:0:0:0: [sda] Write Protect is off
[   14.685031] sd 2:0:1:0: [sdb] 20480 512-byte logical blocks: (10.5 MB/10.0 MiB)
[   14.685189] sd 2:0:1:0: [sdb] Write Protect is off
[   14.685289] sd 2:0:1:0: [sdb] Incomplete mode parameter data
[   14.685289] sd 2:0:1:0: [sdb] Assuming drive cache: write through
[   14.706556] sd 2:0:1:0: Attached scsi generic sg1 type 0
[   14.710258] sd 2:0:1:0: [sdb] Attached SCSI disk
[   14.939591] sd 2:0:0:0: [sda] Incomplete mode parameter data
[   14.959160] sd 2:0:0:0: [sda] Assuming drive cache: write through
[   15.041574]  sda: sda1
[   15.051000] sd 2:0:0:0: [sda] Attached SCSI disk
[   16.222202] floppy0: no floppy controllers found
Begin: Loading e[   17.663519] md: linear personality registered for level -1
ssential drivers ... [   17.713958] md: multipath personality registered for level -4
[   17.731708] md: raid0 personality registered for level 0
[   17.758291] md: raid1 personality registered for level 1
[   17.841615] raid6: mmxx1    gen()  4156 MB/s
[   17.925602] raid6: mmxx2    gen()  5500 MB/s
[   18.005586] raid6: sse1x1   gen()  3732 MB/s
[   18.078295] raid6: sse1x2   gen()  1489 MB/s
[   18.149629] raid6: sse2x1   gen()  9206 MB/s
[   18.217488] raid6: sse2x1   xor()  5699 MB/s
[   18.285711] raid6: sse2x2   gen() 11293 MB/s
[   18.405736] raid6: sse2x2   xor()  7695 MB/s
[   18.441939] raid6: using algorithm sse2x2 gen() 11293 MB/s
[   18.506059] raid6: .... xor() 7695 MB/s, rmw enabled
[   18.575537] raid6: using ssse3x1 recovery algorithm
[   18.642311] xor: automatically using best checksumming function:
[   18.737443]    avx       : 25033.000 MB/sec
[   18.795806] async_tx: api initialized (async)
[   18.829804] md: raid6 personality registered for level 6
[   18.859418] md: raid5 personality registered for level 5
[   18.874887] md: raid4 personality registered for level 4
[   18.884814] md: raid10 personality registered for level 10
done.
Begin: Running /scripts/init-premount ... done.
Begin: Mounting root file system ... Begin: Running /scripts/local-top ... done.
Begin: Running /scripts/local-premount ... [   18.950176] Btrfs loaded
Scanning for Btrfs filesystems
done.
Warning: fsck no[   19.005049] EXT4-fs (sda1): mounted filesystem with ordered data mode. Opts: (null)
t present, so skipping root file system
done.
Begin: Running /scripts/local-bottom ... done.
Begin: Running /scripts/init-bottom ... done.
[   19.219197] systemd[1]: systemd 229 running in system mode. (+PAM +AUDIT +SELINUX +IMA +APPARMOR +SMACK +SYSVINIT +UTMP +LIBCRYPTSETUP +GCRYPT +GNUTLS +ACL +XZ -LZ4 +SECCOMP +BLKID +ELFUTILS +KMOD -IDN)
[   19.305496] systemd[1]: Detected virtualization oracle.
[   19.355390] systemd[1]: Detected architecture x86.

Welcome to [1mUbuntu 16.04.1 LTS[0m!

[   19.401804] systemd[1]: Set hostname to <ubuntu-xenial>.
[   19.587198] systemd[1]: Listening on LVM2 metadata daemon socket.
[[0;32m  OK  [0m] Listening on LVM2 metadata daemon socket.
[   19.661698] systemd[1]: Reached target User and Group Name Lookups.
[[0;32m  OK  [0m] Reached target User and Group Name Lookups.
[   19.828717] systemd[1]: Created slice User and Session Slice.
[[0;32m  OK  [0m] Created slice User and Session Slice.
[   19.942170] systemd[1]: Listening on /dev/initctl Compatibility Named Pipe.
[[0;32m  OK  [0m] Listening on /dev/initctl Compatibility Named Pipe.
[   20.016094] systemd[1]: Reached target Encrypted Volumes.
[[0;32m  OK  [0m] Reached target Encrypted Volumes.
[   20.069865] systemd[1]: Reached target Swap.
[[0;32m  OK  [0m] Reached target Swap.
[   20.169576] systemd[1]: Created slice System Slice.
[[0;32m  OK  [0m] Created slice System Slice.
[   20.215534] systemd[1]: Listening on LVM2 poll daemon socket.
[[0;32m  OK  [0m] Listening on LVM2 poll daemon socket.
[   20.345997] systemd[1]: Set up automount Arbitrary Executable File Formats File System Automount Point.
[[0;32m  OK  [0m] Set up automount Arbitrary Executab...ats File System Automount Point.
[   20.466134] systemd[1]: Listening on Device-mapper event daemon FIFOs.
[[0;32m  OK  [0m] Listening on Device-mapper event daemon FIFOs.
[   20.586872] systemd[1]: Created slice system-serial\x2dgetty.slice.
[[0;32m  OK  [0m] Created slice system-serial\x2dgetty.slice.
[   20.708028] systemd[1]: Reached target Slices.
[[0;32m  OK  [0m] Reached target Slices.
[   20.750121] systemd[1]: Listening on udev Control Socket.
[[0;32m  OK  [0m] Listening on udev Control Socket.
[   20.826000] systemd[1]: Listening on Journal Audit Socket.
[[0;32m  OK  [0m] Listening on Journal Audit Socket.
[   20.977866] systemd[1]: Listening on udev Kernel Socket.
[[0;32m  OK  [0m] Listening on udev Kernel Socket.
[   21.077910] systemd[1]: Listening on Journal Socket.
[[0;32m  OK  [0m] Listening on Journal Socket.
[   21.217891] systemd[1]: Starting Nameserver information manager...
         Starting Nameserver information manager...
[   21.346032] systemd[1]: Starting Uncomplicated firewall...
         Starting Uncomplicated firewall...
[   21.366835] systemd[1]: Mounting POSIX Message Queue File System...
         Mounting POSIX Message Queue File System...
[   21.462079] systemd[1]: Starting Set console keymap...
         Starting Set console keymap...
[   21.514602] random: nonblocking pool is initialized
[   21.575014] systemd[1]: Starting Remount Root and Kernel File Systems...
         [   21.614617] EXT4-fs (sda1): re-mounted. Opts: (null)
Starting Remount Root and Kernel File Systems...
[   21.654958] systemd[1]: Mounting Debug File System...
         Mounting Debug File System...
[   21.718702] systemd[1]: Starting Load Kernel Modules...
         [   21.738839] Loading iSCSI transport class v2.0-870.
Starting Load Ke[   21.826434] iscsi: registered transport (tcp)
rnel Modules...
[   21.877626] systemd[1]: Listening on Journal Socket (/dev/log).
[[0;32m  OK  [0m] Listening on Journal Socket (/dev/log).
[   21.966578] systemd[1]: Started Forward Password Requests to Wall Directory Watch.
[[0;32m  OK  [[   22.066858] iscsi: registered transport (iser)
0m] Started Forward Password Requests to Wall Directory Watch.
[   22.198392] systemd[1]: Starting Monitoring of LVM2 mirrors, snapshots etc. using dmeventd or progress polling...
         Starting Monitoring of LVM2 mirrors... dmeventd or progress polling...
[   22.309920] systemd[1]: Starting Create list of required static device nodes for the current kernel...
         Starting Create list of required st... nodes for the current kernel...
[   22.425696] systemd[1]: Mounting Huge Pages File System...
         Mounting Huge Pages File System...
[   22.469757] systemd[1]: Listening on Syslog Socket.
[[0;32m  OK  [0m] Listening on Syslog Socket.
[   22.521955] systemd[1]: Starting Journal Service...
         Starting Journal Service...
[   22.567836] systemd[1]: Mounted Huge Pages File System.
[[0;32m  OK  [0m] Mounted Huge Pages File System.
[   22.649859] systemd[1]: Mounted POSIX Message Queue File System.
[[0;32m  OK  [0m] Mounted POSIX Message Queue File System.
[   22.685851] systemd[1]: Mounted Debug File System.
[[0;32m  OK  [0m] Mounted Debug File System.
[   22.754266] systemd[1]: Started Journal Service.
[[0;32m  OK  [0m] Started Journal Service.
[[0;32m  OK  [0m] Started Uncomplicated firewall.
[[0;32m  OK  [0m] Started Set console keymap.
[[0;32m  OK  [0m] Started Remount Root and Kernel File Systems.
[[0;32m  OK  [0m] Started Load Kernel Modules.
[[0;32m  OK  [0m] Started Create list of required sta...ce nodes for the current kernel.
[[0;32m  OK  [0m] Started Nameserver information manager.
[[0;32m  OK  [0m] Started LVM2 metadata daemon.
         Starting Create Static Device Nodes in /dev...
         Starting Apply Kernel Variables...
         Mounting FUSE Control File System...
         Starting udev Coldplug all Devices...
         Starting Initial cloud-init job (pre-networking)...
         Starting Load/Save Random Seed...
         Starting Flush Journal to Persistent Storage...
[[0;32m  OK  [0m] Mounted FUSE Control File System.
[[0;32m  OK  [0m] Started Monitoring of LVM2 mirrors,...ng dmeventd or progress polling.
[[0;32m  OK  [0m] Started Create Static Device Nodes in /dev.
[[0;32m  OK  [0m] Started Apply Kernel Variables.
[[0;32m  OK  [0m] Started Load/Save Random Seed.
[[0;32m  OK  [0m] Started udev Coldplug all Devices.
[[0;32m  OK  [0m] Started Flush Journal to Persistent Storage.
         Starting udev Kernel Device Manager...
[[0;32m  OK  [0m] Started udev Kernel Device Manager.
[[0;32m  OK  [0m] Reached target Local File Systems (Pre).
[[0;32m  OK  [0m] Reached target Local File Systems.
         Starting LSB: AppArmor initialization...
         Starting Tell Plymouth To Write Out Runtime Data...
         Starting Set console font and keymap...
         Starting Create Volatile Files and Directories...
[[0;32m  OK  [0m] Started Dispatch Password Requests to Console Directory Watch.
[[0;32m  OK  [0m] Started Tell Plymouth To Write Out Runtime Data.
[[0;32m  OK  [0m] Started Create Volatile Files and Directories.
[[0;32m  OK  [0m] Found device /dev/ttyS0.
[[0;32m  OK  [0m] Reached target System Time Synchronized.
         Starting Update UTMP about System Boot/Shutdown...
[[0;32m  OK  [0m] Started LSB: AppArmor initialization.
[[0;32m  OK  [0m] Started Update UTMP about System Boot/Shutdown.
[   16.272358] cloud-init[480]: Cloud-init v. 0.7.8 running 'init-local' at Sat, 28 Jan 2017 01:45:46 +0000. Up 15.80 seconds.
[[0;32m  OK  [0m] Started Initial cloud-init job (pre-networking).
[[0;32m  OK  [0m] Started Set console font and keymap.
[[0;32m  OK  [0m] Listening on Load/Save RF Kill Switch Status /dev/rfkill Watch.
[[0;32m  OK  [0m] Created slice system-getty.slice.
[[0;32m  OK  [0m] Reached target Network (Pre).
[[0;32m  OK  [0m] Started ifup for enp0s3.
         Starting Raise network interfaces...
[[0;32m  OK  [0m] Started Raise network interfaces.
[[0;32m  OK  [0m] Reached target Network.
         Starting Initial cloud-init job (metadata service crawler)...
[   19.341921] cloud-init[1065]: Cloud-init v. 0.7.8 running 'init' at Sat, 28 Jan 2017 01:45:49 +0000. Up 19.08 seconds.
[   19.352859] cloud-init[1065]: ci-info: +++++++++++++++++++++++++++++++++++++Net device info+++++++++++++++++++++++++++++++++++++
[   19.404482] cloud-init[1065]: ci-info: +--------+------+---------------------------+---------------+-------+-------------------+
[[0;32m  OK  [0m] Started Initial cloud-init job (metadata service crawler).
[[   19.459279] cloud-init[1065]: ci-info: | Device |  Up  |          Address          |      Mask     | Scope |     Hw-Address    |
[   19.478958] cloud-init[1065]: ci-info: +--------+------+---------------------------+---------------+-------+-------------------+
[   19.479129] cloud-init[1065]: ci-info: |   lo   | True |         127.0.0.1         |   255.0.0.0   |   .   |         .         |
[   19.479327] cloud-init[1065]: ci-info: |   lo   | True |          ::1/128          |       .       |  host |         .         |
[   19.479513] cloud-init[1065]: ci-info: | enp0s3 | True |         10.0.2.15         | 255.255.255.0 |   .   | 02:ba:9d:25:04:86 |
[   19.479700] cloud-init[1065]: ci-info: | enp0s3 | True | fe80::ba:9dff:fe25:486/64 |       .       |  link | 02:ba:9d:25:04:86 |
[   19.479903] cloud-init[1065]: ci-info: +--------+------+---------------------------+---------------+-------+-------------------+
[   19.480316] cloud-init[1065]: ci-info: +++++++++++++++++++++++++++Route IPv4 info++++++++++++++++++++++++++++
[   19.480502] cloud-init[1065]: ci-info: +-------+-------------+----------+---------------+-----------+-------+
[   19.480898] cloud-init[1065]: ci-info: | Route | Destination | Gateway  |    Genmask    | Interface | Flags |
[   19.481296] cloud-init[1065]: ci-info: +-------+-------------+----------+---------------+-----------+-------+
[   19.481707] cloud-init[1065]: ci-info: |   0   |   0.0.0.0   | 10.0.2.2 |    0.0.0.0    |   enp0s3  |   UG  |
[   19.481909] cloud-init[1065]: ci-info: |   1   |   10.0.2.0  | 0.0.0.0  | 255.255.255.0 |   enp0s3  |   U   |
[0;32m  OK  [0m] Reached target Network is Online.
[   19.482122] cloud-init[1065]: ci-info: +-------+-------------+----------+---------------+-----------+-------+
         Starting iSCSI initiator daemon (iscsid)...
[[0;32m  OK  [0m] Reached target Cloud-config availability.
[[0;32m  OK  [0m] Reached target System Initialization.
[[0;32m  OK  [0m] Started Timer to automatically refresh installed snaps.
         Starting LXD - unix socket.
[[0;32m  OK  [0m] Started Daily Cleanup of Temporary Directories.
[[0;32m  OK  [0m] Listening on ACPID Listen Socket.
[[0;32m  OK  [0m] Started Daily apt activities.
[[0;32m  OK  [0m] Reached target Timers.
[[0;32m  OK  [0m] Listening on UUID daemon activation socket.
         Starting Socket activation for snappy daemon.
[[0;32m  OK  [0m] Started Trigger resolvconf update for networkd DNS.
[[0;32m  OK  [0m] Listening on D-Bus System Message Bus Socket.
[[0;32m  OK  [0m] Started ACPI Events Check.
[[0;32m  OK  [0m] Reached target Paths.
[[0;32m  OK  [0m] Listening on LXD - unix socket.
[[0;32m  OK  [0m] Listening on Socket activation for snappy daemon.
[[0;32m  OK  [0m] Started iSCSI initiator daemon (iscsid).
         Starting Login to default iSCSI targets...
[[0;32m  OK  [0m] Reached target Sockets.
[[0;32m  OK  [0m] Reached target Basic System.
         Starting LXD - container startup/shutdown...
         Starting Daily apt activities...
[[0;32m  OK  [0m] Started ACPI event daemon.
         Starting Apply the settings specified in cloud-config...
         Starting LSB: MD monitoring daemon...
         Starting OpenBSD Secure Shell server...
[[0;32m  OK  [0m] Started D-Bus System Message Bus.
[[0;32m  OK  [0m] Started Regular background program processing daemon.
         Starting LSB: Record successful boot for GRUB...
         Starting System Logging Service...
         Starting /etc/rc.local Compatibility...
[[0;32m  OK  [0m] Started Deferred execution scheduler.
[[0;32m  OK  [0m] Started FUSE filesystem for LXC.
[[0;32m  OK  [0m] Started Snappy daemon.
         Starting Auto import assertions from block devices...
         Starting Accounts Service...
         Starting Login Service...
[[0;32m  OK  [0m] Started OpenBSD Secure Shell server.
[[0;32m  OK  [0m] Started System Logging Service.
[[0;32m  OK  [0m] Started LXD - container startup/shutdown.
[[0;32m  OK  [0m] Started /etc/rc.local Compatibility.
[[0;32m  OK  [0m] Started Auto import assertions from block devices.
[[0;32m  OK  [0m] Started LSB: MD monitoring daemon.
[[0;32m  OK  [0m] Started Login to default iSCSI targets.
[[0;32m  OK  [0m] Started LSB: Record successful boot for GRUB.
[[0;32m  OK  [0m] Started Login Service.
[   21.345399] cloud-init[1136]: Cloud-init v. 0.7.8 running 'modules:config' at Sat, 28 Jan 2017 01:45:51 +0000. Up 21.11 seconds.
         Starting Authenticate and Authorize Users to Run Privileged Tasks...
[[0;32m  OK  [0m] Reached target Remote File Systems (Pre).
[[0;32m  OK  [0m] Reached target Remote File Systems.
         Starting LSB: automatic crash report generation...
         Starting LSB: daemon to balance interrupts for SMP systems...
         Starting LSB: Set the CPU Frequency Scaling governor to "ondemand"...
         Starting Permit User Sessions...
         Starting LSB: VirtualBox Linux Additions...
[[0;32m  OK  [0m] Started Apply the settings specified in cloud-config.
[[0;32m  OK  [0m] Started Permit User Sessions.
[[0;32m  OK  [0m] Started Authenticate and Authorize Users to Run Privileged Tasks.
[[0;32m  OK  [0m] Started Accounts Service.
         Starting Terminate Plymouth Boot Screen...
         Starting Hold until boot process finishes up...
[[0;32m  OK  [0m] Started LSB: automatic crash report generation.
[[0;32m  OK  [0m] Started LSB: daemon to balance interrupts for SMP systems.
[[0;32m  OK  [0m] Started LSB: Set the CPU Frequency Scaling governor to "ondemand".
[[0;32m  OK  [0m] Started LSB: VirtualBox Linux Additions.
[[0;32m  OK  [0m] Started Terminate Plymouth Boot Screen.
[[0;32m  OK  [0m] Started Hold until boot process finishes up.
[[0;32m  OK  [0m] Created slice User Slice of ubuntu.
         Starting User Manager for UID 1000...
[[0;32m  OK  [0m] Started Getty on tty1.
         Starting Set console scheme...
[[0;32m  OK  [0m] Started Serial Getty on ttyS0.
[[0;32m  OK  [0m] Reached target Login Prompts.
[[0;32m  OK  [0m] Reached target Multi-User System.
[[0;32m  OK  [0m] Reached target Graphical Interface.
         Starting Update UTMP about System Runlevel Changes...
         Starting Execute cloud user/final scripts...
[[0;32m  OK  [0m] Started User Manager for UID 1000.
[[0;32m  OK  [0m] Started Set console scheme.
[[0;32m  OK  [0m] Started Update UTMP about System Runlevel Changes.
[[0;32m  OK  [0m] Started Session 1 of user ubuntu.
[   22.621455] cloud-init[1521]: Cloud-init v. 0.7.8 running 'modules:final' at Sat, 28 Jan 2017 01:45:53 +0000. Up 22.45 seconds.
[   22.685235] [[0;32m  OK  [0m] Started Execute cloud user/final scripts.
[[0;32m  OK  [0m] Reached target Cloud-init target.
cloud-init[1521]: Cloud-init v. 0.7.8 finished at Sat, 28 Jan 2017 01:45:53 +0000. Datasource DataSourceNoCloud [seed=/dev/sdb][dsmode=net].  Up 22.60 seconds
         Stopping User Manager for UID 1000...
[[0;32m  OK  [0m] Stopped User Manager for UID 1000.
[[0;32m  OK  [0m] Removed slice User Slice of ubuntu.

Ubuntu 16.04.1 LTS ubuntu-xenial ttyS0

ubuntu-xenial login:          Stopping Authenticate andr         Stopping Serial Getty on ttyS0...
         Stopping LSB: VirtualBox Linux Additions...
         Stopping LSB: Record successful boot for GRUB...
         Stopping Snappy daemon...
         Stopping LSB: daemon to balance interrupts for SMP systems...
         Stopping LXD - container startup/shutdown...
         Stopping FUSE filesystem for LXC...
         Stopping LSB: Set the CPU Frequency Scaling governor to "ondemand"...
         Stopping D-Bus System Message Bus...
         Stopping System Logging Service...
[[0;32m  OK  [0m] Stopped target Timers.
[[0;32m  OK  [0m] Stopped Daily apt activities.
[[0;32m  OK  [0m] Stopped Timer to automatically refresh installed snaps.
         Stopping User Manager for UID 1000...
         Stopping Deferred execution scheduler...
         Stopping LSB: automatic crash report generation...
[[0;32m  OK  [0m] Stopped target System Time Synchronized.
[[0;32m  OK  [0m] Stopped Apply the settings specified in cloud-config.
[[0;32m  OK  [0m] Stopped target Cloud-config availability.
[[0;32m  OK  [0m] Stopped Daily Cleanup of Temporary Directories.
[[0;32m  OK  [0m] Closed Load/Save RF Kill Switch Status /dev/rfkill Watch.
[[0;32m  OK  [0m] Unmounted /var/lib/lxcfs.
[[0;32m  OK  [0m] Stopped ACPI event daemon.
[[0;32m  OK  [0m] Stopped OpenBSD Secure Shell server.
[[0;32m  OK  [0m] Stopped Regular background program processing daemon.
[[0;32m  OK  [0m] Stopped System Logging Service.
[[0;32m  OK  [0m] Stopped Deferred execution scheduler.
[[0;32m  OK  [0m] Stopped Snappy daemon.
[[0;32m  OK  [0m] Stopped Accounts Service.
[[0;32m  OK  [0m] Stopped Authenticate and Authorize Users to Run Privileged Tasks.
[[0;32m  OK  [0m] Stopped Getty on tty1.
[[0;32m  OK  [0m] Stopped Serial Getty on ttyS0.
[[0;32m  OK  [0m] Stopped User Manager for UID 1000.
[[0;32m  OK  [0m] Stopped Session 3 of user ubuntu.
[[0;32m  OK  [0m] Stopped D-Bus System Message Bus.
[[0;32m  OK  [0m] Stopped FUSE filesystem for LXC.
[[0;32m  OK  [0m] Stopped LSB: MD monitoring daemon.
[[0;32m  OK  [0m] Stopped LSB: Record successful boot for GRUB.
[[0;32m  OK  [0m] Stopped LSB: VirtualBox Linux Additions.
[[0;32m  OK  [0m] Stopped LSB: daemon to balance interrupts for SMP systems.
[[0;32m  OK  [0m] Stopped LXD - container startup/shutdown.
[[0;32m  OK  [0m] Stopped LSB: Set the CPU Frequency Scaling governor to "ondemand".
[[0;32m  OK  [0m] Stopped LSB: automatic crash report generation.
[[0;32m  OK  [0m] Removed slice User Slice of ubuntu.
         Stopping Login Service...
[[0;32m  OK  [0m] Removed slice system-serial\x2dgetty.slice.
[[0;32m  OK  [0m] Stopped /etc/rc.local Compatibility.
[[0;32m  OK  [0m] Removed slice system-getty.slice.
         Stopping Permit User Sessions...
[[0;32m  OK  [0m] Stopped Login Service.
[[0;32m  OK  [0m] Stopped Permit User Sessions.
[[0;32m  OK  [0m] Stopped target Remote File Systems.
[[0;32m  OK  [0m] Stopped target Remote File Systems (Pre).
         Stopping Login to default iSCSI targets...
[[0;32m  OK  [0m] Stopped target User and Group Name Lookups.
[[0;32m  OK  [0m] Stopped target Basic System.
[[0;32m  OK  [0m] Stopped target Slices.
[[0;32m  OK  [0m] Stopped target Paths.
[[0;32m  OK  [0m] Stopped Dispatch Password Requests to Console Directory Watch.
[[0;32m  OK  [0m] Stopped Forward Password Requests to Wall Directory Watch.
[[0;32m  OK  [0m] Stopped ACPI Events Check.
[[0;32m  OK  [0m] Stopped Trigger resolvconf update for networkd DNS.
[[0;32m  OK  [0m] Stopped target Sockets.
[[0;32m  OK  [0m] Closed UUID daemon activation socket.
[[0;32m  OK  [0m] Closed ACPID Listen Socket.
[[0;32m  OK  [0m] Closed LXD - unix socket.
[[0;32m  OK  [0m] Closed Socket activation for snappy daemon.
[[0;32m  OK  [0m] Closed Syslog Socket.
[[0;32m  OK  [0m] Removed slice User and Session Slice.
[[0;32m  OK  [0m] Closed D-Bus System Message Bus Socket.
[[0;32m  OK  [0m] Stopped target System Initialization.
[[0;32m  OK  [0m] Stopped target Encrypted Volumes.
[[0;32m  OK  [0m] Stopped target Swap.
         Stopping Update UTMP about System Boot/Shutdown...
         Stopping Load/Save Random Seed...
[[0;32m  OK  [0m] Stopped Load/Save Random Seed.
[[0;32m  OK  [0m] Stopped Login to default iSCSI targets.
[[0;32m  OK  [0m] Stopped Update UTMP about System Boot/Shutdown.
[[0;32m  OK  [0m] Stopped Create Volatile Files and Directories.
         Stopping iSCSI initiator daemon (iscsid)...
[[0;32m  OK  [0m] Stopped iSCSI initiator daemon (iscsid).
[[0;32m  OK  [0m] Stopped target Network is Online.
[[0;32m  OK  [0m] Stopped Initial cloud-init job (metadata service crawler).
[[0;32m  OK  [0m] Stopped target Network.
         Stopping Raise network interfaces...
[[0;32m  OK  [0m] Stopped Raise network interfaces.
[[0;32m  OK  [0m] Stopped Apply Kernel Variables.
[[0;32m  OK  [0m] Stopped target Local File Systems.
         Starting Unattended Upgrades Shutdown...
         Unmounting /run/user/1000...
         Unmounting /vagrant...
[[0;32m  OK  [0m] Stopped Load Kernel Modules.
[[0;32m  OK  [0m] Stopped target Network (Pre).
[[0;32m  OK  [0m] Stopped Initial cloud-init job (pre-networking).
[[0;32m  OK  [0m] Unmounted /run/user/1000.
[[0;32m  OK  [0m] Unmounted /vagrant.
[[0;32m  OK  [0m] Started Unattended Upgrades Shutdown.
[[0;32m  OK  [0m] Reached target Unmount All Filesystems.
[[0;32m  OK  [0m] Stopped target Local File Systems (Pre).
[[0;32m  OK  [0m] Stopped Create Static Device Nodes in /dev.
[[0;32m  OK  [0m] Stopped Remount Root and Kernel File Systems.
[[0;32m  OK  [0m] Reached target Shutdown.
[ 1194.293001] reboot: Power down
